2022-08-10 12:32:38 [undefined] info: GET /api/ 304 - - 20.047 ms

2022-08-10 12:32:38 [undefined] info: GET /api/swagger-ui.css 304 - - 3.551 ms

2022-08-10 12:32:38 [undefined] info: GET /api/swagger-ui-standalone-preset.js 304 - - 2.918 ms

2022-08-10 12:32:38 [undefined] info: GET /api/swagger-ui-bundle.js 304 - - 3.909 ms

2022-08-10 12:32:38 [undefined] info: GET /swagger/swagger.css 304 - - 8.283 ms

2022-08-10 12:32:38 [undefined] info: GET /api/swagger-ui-init.js 304 - - 1.449 ms

2022-08-10 12:32:39 [undefined] info: GET /swagger/logo-amplication-white.svg 304 - - 1.231 ms

2022-08-10 12:32:39 [undefined] info: GET /swagger/favicon.png 304 - - 0.428 ms

2022-08-10 12:32:46 [undefined] info: GET /swagger/favicon.png 304 - - 0.504 ms

2022-08-10 12:32:56 [undefined] info: POST /api/login 201 215 - 979.137 ms

2022-08-10 12:33:14 [undefined] info: GET /swagger/favicon.png 304 - - 0.556 ms

2022-08-10 12:33:17 [undefined] info: GET /api/users/getUserSearch 200 7 - 18.504 ms

2022-08-10 12:37:02 [undefined] info: GET /api/users/getUserSearch 304 - - 17.589 ms

2022-08-10 12:37:17 [undefined] info: GET /api/users/getUserSearch 304 - - 26.366 ms

2022-08-10 12:37:37 [undefined] info: GET /api/users/getUserSearch 304 - - 5.697 ms

2022-08-10 12:37:43 [undefined] info: GET /api/users/getUserSearch 304 - - 7.754 ms

2022-08-10 12:38:21 [undefined] info: GET /api/users/getUserSearch 304 - - 6.275 ms

2022-08-10 12:39:20 [undefined] info: GET /api/users/getUserSearch 200 7 - 1.175 ms

2022-08-10 12:39:22 [undefined] info: GET /api/users/getUserSearch 200 7 - 1.378 ms

2022-08-10 12:39:23 [undefined] info: GET /api/users/getUserSearch 200 7 - 1.203 ms

2022-08-10 12:39:24 [undefined] info: GET /api/users/getUserSearch 200 7 - 2.318 ms

2022-08-10 12:39:45 [undefined] info: GET /api/users/getUserSearch 304 - - 0.587 ms

2022-08-10 12:40:14 [undefined] info: GET /api/users/getUserSearch 304 - - 0.627 ms

2022-08-10 12:45:42 [undefined] info: GET /api/users/getUserSearch 200 7 - 32.495 ms

2022-08-10 12:45:52 [undefined] info: GET /api/users/getUserSearch 304 - - 1.080 ms

2022-08-10 12:49:57 [undefined] info: GET /swagger/favicon.png 304 - - 3.911 ms

2022-08-10 12:49:58 [undefined] info: GET /swagger/favicon.png 304 - - 1.915 ms

2022-08-10 12:50:04 [undefined] info: GET /api/products 200 2 - 56.125 ms

2022-08-10 12:50:13 [undefined] info: GET /api/products 401 43 - 2.101 ms

2022-08-10 12:50:25 [undefined] info: GET /api/products 401 43 - 12.212 ms

2022-08-10 12:50:27 [undefined] info: GET /api/products 401 43 - 2.275 ms

2022-08-10 12:50:29 [undefined] info: GET /api/ 304 - - 11.721 ms

2022-08-10 12:50:29 [undefined] info: GET /api/swagger-ui-init.js 200 71439 - 0.453 ms

2022-08-10 12:50:29 [undefined] info: GET /api/swagger-ui.css 304 - - 5.734 ms

2022-08-10 12:50:29 [undefined] info: GET /api/swagger-ui-bundle.js 304 - - 6.392 ms

2022-08-10 12:50:29 [undefined] info: GET /api/swagger-ui-standalone-preset.js 304 - - 6.901 ms

2022-08-10 12:50:29 [undefined] info: GET /swagger/swagger.css 304 - - 7.844 ms

2022-08-10 12:50:30 [undefined] info: GET /swagger/logo-amplication-white.svg 304 - - 0.720 ms

2022-08-10 12:50:30 [undefined] info: GET /swagger/favicon.png 304 - - 0.569 ms

2022-08-10 12:50:38 [undefined] info: GET /api/products 401 43 - 0.783 ms

2022-08-10 12:50:55 [undefined] info: GET /api/products 401 43 - 12.447 ms

2022-08-10 12:50:58 [undefined] info: GET /api/products 401 43 - 1.789 ms

2022-08-10 12:51:34 [undefined] info: GET /api/products 304 - - 60.622 ms

2022-08-10 12:57:49 [undefined] info: GET /swagger/favicon.png 304 - - 5.784 ms

2022-08-10 12:58:00 [undefined] info: POST /api/login 201 215 - 167.502 ms

2022-08-10 12:59:06 [undefined] info: POST /api/login 201 215 - 64.696 ms

2022-08-10 12:59:46 [undefined] info: GET /swagger/favicon.png 304 - - 1.449 ms

2022-08-10 13:00:11 [undefined] info: GET /api/users/getUserSearch 403 69 - 71.694 ms

2022-08-10 13:00:29 [undefined] info: GET /api/users/getUserSearch 403 69 - 72.995 ms

2022-08-10 13:00:30 [undefined] info: GET /api/users/getUserSearch 403 69 - 27.062 ms

2022-08-10 13:00:31 [undefined] info: GET /api/users/getUserSearch 403 69 - 27.355 ms

2022-08-10 13:01:00 [undefined] info: GET /api/users/getUserSearch 403 69 - 163.703 ms

2022-08-10 13:01:01 [undefined] info: GET /api/users/getUserSearch 403 69 - 38.223 ms

2022-08-10 13:01:44 [undefined] info: GET /api/users/getUserSearch 403 69 - 112.930 ms

2022-08-10 13:02:24 [undefined] info: GET /api/users/getUserSearch 500 52 - 169.822 ms

2022-08-10 13:02:47 [undefined] info: GET /api/users/getUserSearch 500 52 - 145.987 ms

2022-08-10 13:03:31 [undefined] info: GET /api/users/getUserSearch 500 52 - 124.367 ms

2022-08-10 13:03:32 [undefined] info: GET /api/users/getUserSearch 500 52 - 36.491 ms

2022-08-10 13:03:51 [undefined] info: GET /api/users/getUserSearch 500 52 - 163.981 ms

2022-08-10 13:09:01 [undefined] info: GET /api/users/getUserSearch 500 52 - 99.571 ms

2022-08-10 13:09:20 [undefined] info: GET /api/users/getUserSearch 403 69 - 74.372 ms

2022-08-10 14:35:39 [undefined] info: GET /api/users/getUserSearch 403 69 - 156.288 ms

2022-08-10 14:36:25 [undefined] info: GET /api/users/getUserSearch 403 69 - 135.571 ms

2022-08-10 14:37:25 [undefined] info: GET /api/users/getUserSearch 403 69 - 139.772 ms

2022-08-10 14:37:53 [undefined] info: GET /api/users/getUserSearch 200 7 - 20.623 ms

2022-08-10 14:38:12 [undefined] info: GET /api/users/getUserSearch 403 69 - 161.482 ms

2022-08-10 14:38:22 [undefined] info: GET /api/users/getUserSearch 403 69 - 132.335 ms

2022-08-10 14:38:24 [undefined] info: GET /api/users/getUserSearch 403 69 - 32.020 ms

2022-08-10 14:38:33 [undefined] info: GET /api/users/getUserSearch 200 7 - 7.653 ms

2022-08-10 14:38:46 [undefined] info: GET /swagger/favicon.png 304 - - 3.079 ms

2022-08-10 14:38:47 [undefined] info: GET /swagger/favicon.png 304 - - 1.152 ms

2022-08-10 14:38:48 [undefined] info: GET /swagger/favicon.png 304 - - 0.955 ms

2022-08-10 14:39:41 [undefined] info: GET /api/users/getUserSearch 200 7 - 18.669 ms

2022-08-10 14:39:52 [undefined] info: GET /api/users/getUserSearch 403 69 - 150.688 ms

2022-08-10 14:40:16 [undefined] info: GET /api/users/getUserSearch 200 7 - 5.513 ms

2022-08-10 14:46:25 [undefined] info: GET /api/users/getUserSearch 403 69 - 146.795 ms

2022-08-10 14:53:34 [undefined] info: GET /api/users/getUserSearch 200 7 - 19.059 ms

2022-08-10 14:53:54 [undefined] info: GET /api/users/getUserSearch 200 7 - 6.575 ms

2022-08-10 14:54:08 [undefined] info: GET /api/users/getUserSearch 403 69 - 100.406 ms

2022-08-10 14:54:34 [undefined] info: GET /api/users/getUserSearch 200 7 - 8.814 ms

2022-08-10 14:54:42 [undefined] info: GET /swagger/favicon.png 304 - - 1.948 ms

2022-08-10 14:54:45 [undefined] info: GET /swagger/favicon.png 304 - - 4.702 ms

2022-08-10 14:54:46 [undefined] info: GET /swagger/favicon.png 304 - - 2.810 ms

2022-08-10 14:54:47 [undefined] info: GET /swagger/favicon.png 304 - - 1.007 ms

2022-08-10 14:54:48 [undefined] info: GET /swagger/favicon.png 304 - - 0.710 ms

2022-08-10 14:54:49 [undefined] info: GET /swagger/favicon.png 304 - - 0.594 ms

2022-08-10 14:54:49 [undefined] info: GET /swagger/favicon.png 304 - - 0.844 ms

2022-08-10 14:54:54 [undefined] info: GET /api/users/getUserSearch 304 - - 0.709 ms

2022-08-10 14:55:12 [undefined] info: GET /api/users/getUserSearch 403 69 - 73.576 ms

2022-08-10 15:07:06 [undefined] info: GET /swagger/favicon.png 304 - - 3.955 ms

2022-08-10 15:07:06 [undefined] info: GET /swagger/favicon.png 304 - - 1.271 ms

2022-08-10 15:07:07 [undefined] info: GET /api/users/getUserSearch 200 7 - 3.936 ms

2022-08-10 15:09:13 [undefined] info: GET /api/users/getUserSearch 200 7 - 6.021 ms

2022-08-10 15:10:38 [undefined] info: GET /api/users/getUserSearch 304 - - 9.179 ms

2022-08-10 17:20:48 [undefined] info: GET /api/ 200 3059 - 6.801 ms

2022-08-10 17:20:48 [undefined] info: GET /api/swagger-ui-init.js 200 71439 - 0.290 ms

2022-08-10 17:20:48 [undefined] info: GET /api/swagger-ui-standalone-preset.js 200 339612 - 3.447 ms

2022-08-10 17:20:48 [undefined] info: GET /api/swagger-ui-bundle.js 200 1097238 - 2.569 ms

2022-08-10 17:20:48 [undefined] info: GET /swagger/swagger.css 200 6984 - 46.827 ms

2022-08-10 17:20:48 [undefined] info: GET /api/swagger-ui.css 200 144210 - 64.047 ms

2022-08-10 17:20:48 [undefined] info: GET /swagger/logo-amplication-white.svg 304 - - 1.955 ms

2022-08-10 17:21:05 [undefined] info: POST /api/login 201 215 - 158.643 ms

2022-08-10 17:24:02 [undefined] info: POST /api/login 201 215 - 118.536 ms

2022-08-10 17:24:24 [undefined] info: POST /api/login 201 215 - 132.120 ms

2022-08-10 17:24:47 [undefined] info: POST /api/login 201 215 - 125.214 ms

2022-08-10 17:34:22 [undefined] info: GET /api/ 304 - - 5.750 ms

2022-08-10 17:34:22 [undefined] info: GET /api/swagger-ui.css 304 - - 1.697 ms

2022-08-10 17:34:22 [undefined] info: GET /api/swagger-ui-bundle.js 304 - - 1.635 ms

2022-08-10 17:34:22 [undefined] info: GET /api/swagger-ui-init.js 200 71433 - 0.736 ms

2022-08-10 17:34:22 [undefined] info: GET /api/swagger-ui-standalone-preset.js 304 - - 7.407 ms

2022-08-10 17:34:22 [undefined] info: GET /swagger/swagger.css 304 - - 4.205 ms

2022-08-10 17:34:22 [undefined] info: GET /swagger/logo-amplication-white.svg 304 - - 1.038 ms

2022-08-10 17:34:41 [undefined] info: POST /api/login 201 235 - 198.626 ms

