2022-07-22 10:45:12 [undefined] info: GET /api/ 304 - - 6.712 ms

2022-07-22 10:45:12 [undefined] info: GET /api/swagger-ui-init.js 304 - - 1.327 ms

2022-07-22 10:45:12 [undefined] info: GET /api/swagger-ui-standalone-preset.js 200 324275 - 3.931 ms

2022-07-22 10:45:12 [undefined] info: GET /api/swagger-ui-bundle.js 200 1086481 - 4.546 ms

2022-07-22 10:45:12 [undefined] info: GET /swagger/swagger.css 200 6984 - 19.654 ms

2022-07-22 10:45:12 [undefined] info: GET /api/swagger-ui.css 200 143858 - 51.734 ms

2022-07-22 10:45:12 [undefined] info: GET /swagger/logo-amplication-white.svg 200 4250 - 10.518 ms

2022-07-22 10:45:13 [undefined] info: GET /swagger/favicon.png 304 - - 0.449 ms

2022-07-22 10:45:23 [undefined] info: GET /swagger/favicon.png 304 - - 0.604 ms

2022-07-22 10:45:37 [undefined] info: POST /api/login 201 215 - 1036.084 ms

2022-07-22 10:45:59 [undefined] info: GET /swagger/favicon.png 304 - - 1.779 ms

2022-07-22 10:46:04 [undefined] info: GET /api/users 304 - - 14.460 ms

2022-07-22 10:46:11 [undefined] info: GET /swagger/favicon.png 304 - - 0.769 ms

2022-07-22 10:46:20 [undefined] info: get user by name api run
2022-07-22 10:46:20 [undefined] info: GET /api/users/getUserByName/fiadmin 304 - - 130.624 ms

2022-07-22 10:48:21 [undefined] info: get user by name api run
2022-07-22 10:48:21 [undefined] info: ::1 - - [22/Jul/2022:05:18:21 +0000] "GET /api/users/getUserByName/fiadmin HTTP/1.1" 304 - "http://localhost:3000/api/" "Mozilla/5.0 (X11; Linux x86_64) AppleWebKit/537.36 (KHTML, like Gecko) Chrome/96.0.4664.93 Safari/537.36"

2022-07-22 10:49:19 [undefined] info: GET /swagger/favicon.png 304 - - 4.145 ms

2022-07-22 11:08:18 [undefined] info: POST /api/login 201 215 - 137.528 ms

2022-07-22 11:10:28 [undefined] info: GET /swagger/favicon.png 304 - - 2.793 ms

2022-07-22 12:32:21 [undefined] info: GET /api/ 304 - - 3.499 ms

2022-07-22 12:32:21 [undefined] info: GET /api/swagger-ui.css 304 - - 2.263 ms

2022-07-22 12:32:21 [undefined] info: GET /api/swagger-ui-bundle.js 304 - - 1.868 ms

2022-07-22 12:32:21 [undefined] info: GET /api/swagger-ui-init.js 304 - - 0.617 ms

2022-07-22 12:32:21 [undefined] info: GET /api/swagger-ui-standalone-preset.js 304 - - 4.415 ms

2022-07-22 12:32:21 [undefined] info: GET /swagger/swagger.css 304 - - 2.572 ms

2022-07-22 12:32:25 [undefined] info: GET /graphql 200 - - 74.839 ms

2022-07-22 12:32:26 [undefined] info: POST /graphql 200 64812 - 48.606 ms

2022-07-22 12:32:27 [undefined] info: POST /graphql 200 64812 - 72.365 ms

2022-07-22 12:32:34 [undefined] info: POST /graphql 200 64812 - 51.503 ms

2022-07-22 12:32:36 [undefined] info: POST /graphql 200 64812 - 64.640 ms

2022-07-22 12:32:38 [undefined] info: POST /graphql 200 64812 - 44.418 ms

2022-07-22 12:32:41 [undefined] info: POST /graphql 200 64812 - 60.795 ms

2022-07-22 12:32:43 [undefined] info: POST /graphql 200 64812 - 77.389 ms

2022-07-22 12:32:45 [undefined] info: POST /graphql 200 64812 - 62.929 ms

2022-07-22 12:32:47 [undefined] info: POST /graphql 200 64812 - 48.119 ms

2022-07-22 12:32:49 [undefined] info: POST /graphql 200 64812 - 37.949 ms

2022-07-22 12:32:51 [undefined] info: POST /graphql 200 64812 - 68.183 ms

2022-07-22 12:32:53 [undefined] info: POST /graphql 200 64812 - 65.487 ms

2022-07-22 12:32:55 [undefined] info: POST /graphql 200 64812 - 45.827 ms

2022-07-22 12:32:57 [undefined] info: POST /graphql 200 64812 - 35.171 ms

2022-07-22 12:32:59 [undefined] info: POST /graphql 200 64812 - 27.950 ms

2022-07-22 12:33:01 [undefined] info: POST /graphql 200 64812 - 37.321 ms

2022-07-22 12:33:04 [undefined] info: POST /graphql 200 64812 - 32.725 ms

2022-07-22 12:33:06 [undefined] info: POST /graphql 200 64812 - 27.198 ms

2022-07-22 12:33:08 [undefined] info: POST /graphql 200 64812 - 29.039 ms

2022-07-22 12:33:10 [undefined] info: POST /graphql 200 64812 - 34.297 ms

2022-07-22 12:33:12 [undefined] info: POST /graphql 200 64812 - 29.674 ms

2022-07-22 12:33:14 [undefined] info: POST /graphql 200 64812 - 28.613 ms

2022-07-22 12:33:16 [undefined] info: POST /graphql 200 64812 - 30.055 ms

2022-07-22 12:33:18 [undefined] info: POST /graphql 200 64812 - 28.560 ms

2022-07-22 12:33:20 [undefined] info: POST /graphql 200 64812 - 28.478 ms

2022-07-22 12:33:22 [undefined] info: POST /graphql 200 64812 - 54.130 ms

2022-07-22 12:33:24 [undefined] info: POST /graphql 200 64812 - 30.487 ms

2022-07-22 12:33:26 [undefined] info: POST /graphql 200 64812 - 39.795 ms

2022-07-22 12:47:51 [undefined] info: GET /swagger/favicon.png 304 - - 1.234 ms

2022-07-22 12:47:52 [undefined] info: GET /swagger/favicon.png 304 - - 0.754 ms

2022-07-22 12:47:52 [undefined] info: GET /swagger/favicon.png 304 - - 0.999 ms

2022-07-22 12:47:53 [undefined] info: GET /swagger/favicon.png 304 - - 0.703 ms

2022-07-22 12:47:53 [undefined] info: GET /swagger/favicon.png 304 - - 1.887 ms

2022-07-22 14:37:01 [undefined] info: POST /graphql 200 64812 - 24.935 ms

2022-07-22 14:52:32 [undefined] info: POST /graphql 200 64812 - 9.855 ms

2022-07-22 14:52:34 [undefined] info: POST /graphql 200 64812 - 36.945 ms

2022-07-22 14:52:36 [undefined] info: POST /graphql 200 64812 - 59.289 ms

2022-07-22 14:52:38 [undefined] info: POST /graphql 200 64812 - 32.577 ms

2022-07-22 14:52:40 [undefined] info: POST /graphql 200 64812 - 36.387 ms

2022-07-22 14:52:42 [undefined] info: POST /graphql 200 64812 - 30.935 ms

2022-07-22 14:52:44 [undefined] info: POST /graphql 200 64812 - 33.667 ms

2022-07-22 14:52:46 [undefined] info: POST /graphql 200 64812 - 26.208 ms

2022-07-22 14:52:48 [undefined] info: POST /graphql 200 64812 - 32.606 ms

2022-07-22 14:52:50 [undefined] info: POST /graphql 200 64812 - 39.888 ms

2022-07-22 14:52:53 [undefined] info: POST /graphql 200 64812 - 29.500 ms

2022-07-22 14:52:55 [undefined] info: POST /graphql 200 64812 - 28.738 ms

2022-07-22 14:52:57 [undefined] info: POST /graphql 200 64812 - 28.126 ms

2022-07-22 14:52:59 [undefined] info: POST /graphql 200 64812 - 29.459 ms

2022-07-22 14:53:01 [undefined] info: POST /graphql 200 64812 - 30.623 ms

2022-07-22 14:53:03 [undefined] info: POST /graphql 200 64812 - 31.646 ms

2022-07-22 14:53:05 [undefined] info: POST /graphql 200 64812 - 25.802 ms

2022-07-22 14:53:07 [undefined] info: POST /graphql 200 64812 - 31.281 ms

2022-07-22 14:53:09 [undefined] info: POST /graphql 200 64812 - 36.948 ms

2022-07-22 14:53:11 [undefined] info: POST /graphql 200 64812 - 35.941 ms

2022-07-22 14:53:13 [undefined] info: POST /graphql 200 64812 - 27.829 ms

2022-07-22 14:53:15 [undefined] info: POST /graphql 200 64812 - 39.636 ms

2022-07-22 14:53:17 [undefined] info: POST /graphql 200 64812 - 25.830 ms

2022-07-22 14:53:19 [undefined] info: POST /graphql 200 64812 - 33.937 ms

2022-07-22 14:53:21 [undefined] info: POST /graphql 200 64812 - 27.897 ms

2022-07-22 14:53:24 [undefined] info: POST /graphql 200 64812 - 39.040 ms

2022-07-22 15:04:35 [undefined] info: POST /graphql 200 64812 - 36.358 ms

2022-07-22 15:04:37 [undefined] info: POST /graphql 200 64812 - 48.567 ms

2022-07-22 15:04:39 [undefined] info: POST /graphql 200 64812 - 48.376 ms

2022-07-22 15:04:41 [undefined] info: POST /graphql 200 64812 - 71.599 ms

2022-07-22 15:04:43 [undefined] info: POST /graphql 200 64812 - 30.314 ms

2022-07-22 15:04:45 [undefined] info: POST /graphql 200 64812 - 33.530 ms

2022-07-22 15:04:47 [undefined] info: POST /graphql 200 64812 - 29.071 ms

2022-07-22 15:04:49 [undefined] info: POST /graphql 200 64812 - 34.240 ms

2022-07-22 15:04:51 [undefined] info: POST /graphql 200 64812 - 28.378 ms

2022-07-22 15:04:53 [undefined] info: POST /graphql 200 64812 - 27.597 ms

2022-07-22 15:04:55 [undefined] info: POST /graphql 200 64812 - 28.402 ms

2022-07-22 15:04:57 [undefined] info: POST /graphql 200 64812 - 29.523 ms

2022-07-22 15:04:59 [undefined] info: POST /graphql 200 64812 - 36.290 ms

2022-07-22 15:05:02 [undefined] info: POST /graphql 200 64812 - 26.165 ms

2022-07-22 15:05:04 [undefined] info: POST /graphql 200 64812 - 27.460 ms

2022-07-22 15:05:06 [undefined] info: POST /graphql 200 64812 - 28.242 ms

2022-07-22 15:05:08 [undefined] info: POST /graphql 200 64812 - 27.870 ms

2022-07-22 15:05:10 [undefined] info: POST /graphql 200 64812 - 27.503 ms

2022-07-22 15:05:12 [undefined] info: POST /graphql 200 64812 - 30.829 ms

2022-07-22 15:05:14 [undefined] info: POST /graphql 200 64812 - 31.237 ms

2022-07-22 15:05:16 [undefined] info: POST /graphql 200 64812 - 23.046 ms

2022-07-22 15:05:18 [undefined] info: POST /graphql 200 64812 - 25.490 ms

2022-07-22 15:05:20 [undefined] info: POST /graphql 200 64812 - 29.212 ms

2022-07-22 15:05:22 [undefined] info: POST /graphql 200 64812 - 26.294 ms

2022-07-22 15:05:24 [undefined] info: POST /graphql 200 64812 - 24.516 ms

2022-07-22 15:05:26 [undefined] info: POST /graphql 200 64812 - 29.488 ms

2022-07-22 15:05:28 [undefined] info: POST /graphql 200 64812 - 24.475 ms

2022-07-22 15:05:30 [undefined] info: POST /graphql 200 64812 - 28.506 ms

2022-07-22 15:05:32 [undefined] info: POST /graphql 200 64812 - 32.468 ms

2022-07-22 15:05:34 [undefined] info: POST /graphql 200 64812 - 26.649 ms

2022-07-22 15:05:37 [undefined] info: POST /graphql 200 64812 - 24.220 ms

2022-07-22 15:05:39 [undefined] info: POST /graphql 200 64812 - 29.011 ms

2022-07-22 15:05:41 [undefined] info: POST /graphql 200 64812 - 38.822 ms

2022-07-22 15:05:43 [undefined] info: POST /graphql 200 64812 - 25.899 ms

2022-07-22 15:05:45 [undefined] info: POST /graphql 200 64812 - 27.365 ms

2022-07-22 15:05:47 [undefined] info: POST /graphql 200 64812 - 33.083 ms

2022-07-22 15:05:49 [undefined] info: POST /graphql 200 64812 - 24.991 ms

2022-07-22 15:05:51 [undefined] info: POST /graphql 200 64812 - 29.100 ms

2022-07-22 15:05:53 [undefined] info: POST /graphql 200 64812 - 29.843 ms

2022-07-22 15:05:55 [undefined] info: POST /graphql 200 64812 - 34.974 ms

2022-07-22 15:05:57 [undefined] info: POST /graphql 200 64812 - 29.957 ms

2022-07-22 15:05:59 [undefined] info: POST /graphql 200 64812 - 29.827 ms

2022-07-22 15:06:01 [undefined] info: POST /graphql 200 64812 - 28.583 ms

2022-07-22 15:06:03 [undefined] info: POST /graphql 200 64812 - 25.396 ms

2022-07-22 15:06:05 [undefined] info: POST /graphql 200 64812 - 25.986 ms

2022-07-22 15:06:08 [undefined] info: POST /graphql 200 64812 - 31.464 ms

2022-07-22 15:06:10 [undefined] info: POST /graphql 200 64812 - 26.253 ms

2022-07-22 15:06:12 [undefined] info: POST /graphql 200 64812 - 32.441 ms

2022-07-22 15:06:14 [undefined] info: POST /graphql 200 64812 - 30.414 ms

2022-07-22 15:06:16 [undefined] info: POST /graphql 200 64812 - 25.714 ms

2022-07-22 15:06:18 [undefined] info: POST /graphql 200 64812 - 29.204 ms

2022-07-22 15:06:20 [undefined] info: POST /graphql 200 64812 - 23.030 ms

2022-07-22 15:06:22 [undefined] info: POST /graphql 200 64812 - 40.273 ms

2022-07-22 15:06:24 [undefined] info: POST /graphql 200 64812 - 30.859 ms

2022-07-22 15:06:26 [undefined] info: POST /graphql 200 64812 - 25.275 ms

2022-07-22 15:06:28 [undefined] info: POST /graphql 200 64812 - 24.639 ms

2022-07-22 15:06:30 [undefined] info: POST /graphql 200 64812 - 25.503 ms

2022-07-22 15:06:32 [undefined] info: POST /graphql 200 64812 - 24.698 ms

2022-07-22 15:06:34 [undefined] info: POST /graphql 200 64812 - 24.965 ms

2022-07-22 15:06:36 [undefined] info: POST /graphql 200 64812 - 27.045 ms

2022-07-22 15:06:38 [undefined] info: POST /graphql 200 64812 - 22.238 ms

2022-07-22 15:06:40 [undefined] info: POST /graphql 200 64812 - 24.500 ms

2022-07-22 15:06:43 [undefined] info: POST /graphql 200 64812 - 26.745 ms

2022-07-22 15:06:45 [undefined] info: POST /graphql 200 64812 - 26.779 ms

2022-07-22 15:06:47 [undefined] info: POST /graphql 200 64812 - 25.824 ms

2022-07-22 15:06:49 [undefined] info: POST /graphql 200 64812 - 23.968 ms

2022-07-22 15:06:51 [undefined] info: POST /graphql 200 64812 - 24.425 ms

2022-07-22 15:06:53 [undefined] info: POST /graphql 200 64812 - 24.223 ms

2022-07-22 15:06:55 [undefined] info: POST /graphql 200 64812 - 23.536 ms

2022-07-22 15:06:57 [undefined] info: POST /graphql 200 64812 - 23.985 ms

2022-07-22 15:06:59 [undefined] info: POST /graphql 200 64812 - 24.593 ms

2022-07-22 15:07:01 [undefined] info: POST /graphql 200 64812 - 26.652 ms

2022-07-22 15:07:03 [undefined] info: POST /graphql 200 64812 - 27.443 ms

2022-07-22 15:07:05 [undefined] info: POST /graphql 200 64812 - 23.950 ms

2022-07-22 15:07:07 [undefined] info: POST /graphql 200 64812 - 29.047 ms

2022-07-22 15:17:55 [undefined] info: GET /api/ 304 - - 1.164 ms

2022-07-22 15:17:55 [undefined] info: GET /api/swagger-ui.css 304 - - 1.144 ms

2022-07-22 15:17:55 [undefined] info: GET /api/swagger-ui-bundle.js 304 - - 0.943 ms

2022-07-22 15:17:55 [undefined] info: GET /api/swagger-ui-init.js 304 - - 0.434 ms

2022-07-22 15:17:55 [undefined] info: GET /api/swagger-ui-standalone-preset.js 304 - - 2.419 ms

2022-07-22 15:17:55 [undefined] info: GET /swagger/swagger.css 304 - - 1.407 ms

2022-07-22 15:18:04 [undefined] info: GET /graphql 200 - - 0.785 ms

2022-07-22 15:18:05 [undefined] info: POST /graphql 200 64812 - 19.076 ms

2022-07-22 15:18:06 [undefined] info: POST /graphql 200 64812 - 39.138 ms

2022-07-22 15:18:08 [undefined] info: POST /graphql 200 64812 - 38.741 ms

2022-07-22 15:18:10 [undefined] info: POST /graphql 200 64812 - 58.655 ms

2022-07-22 15:18:12 [undefined] info: POST /graphql 200 64812 - 44.875 ms

2022-07-22 15:18:15 [undefined] info: POST /graphql 200 64812 - 41.932 ms

2022-07-22 15:18:16 [undefined] info: POST /graphql 400 1465 - 140.084 ms

2022-07-22 15:18:17 [undefined] info: POST /graphql 200 64812 - 32.515 ms

2022-07-22 15:18:19 [undefined] info: POST /graphql 200 64812 - 36.364 ms

2022-07-22 15:18:21 [undefined] info: POST /graphql 200 64812 - 55.260 ms

2022-07-22 15:18:23 [undefined] info: POST /graphql 200 64812 - 42.558 ms

2022-07-22 15:18:28 [undefined] info: POST /graphql 200 64812 - 11.606 ms

2022-07-22 15:18:31 [undefined] info: POST /graphql 200 64812 - 56.545 ms

2022-07-22 15:18:33 [undefined] info: POST /graphql 200 64812 - 35.658 ms

2022-07-22 15:18:35 [undefined] info: POST /graphql 200 64812 - 34.029 ms

2022-07-22 15:18:37 [undefined] info: POST /graphql 200 64812 - 39.767 ms

2022-07-22 15:18:39 [undefined] info: POST /graphql 200 64812 - 27.939 ms

2022-07-22 15:19:11 [undefined] info: POST /graphql 200 64812 - 28.760 ms

2022-07-22 15:21:49 [undefined] info: POST /graphql 200 64812 - 41.752 ms

2022-07-22 15:21:51 [undefined] info: POST /graphql 200 64812 - 58.820 ms

2022-07-22 15:21:53 [undefined] info: POST /graphql 200 64812 - 40.256 ms

2022-07-22 15:21:55 [undefined] info: POST /graphql 200 64812 - 34.567 ms

2022-07-22 15:21:57 [undefined] info: POST /graphql 200 64812 - 29.035 ms

2022-07-22 15:21:59 [undefined] info: POST /graphql 200 64812 - 29.526 ms

2022-07-22 15:22:01 [undefined] info: POST /graphql 200 64812 - 28.043 ms

2022-07-22 15:22:03 [undefined] info: POST /graphql 200 64812 - 32.707 ms

2022-07-22 15:22:05 [undefined] info: POST /graphql 200 64812 - 30.368 ms

2022-07-22 15:22:07 [undefined] info: POST /graphql 200 64812 - 26.634 ms

2022-07-22 15:22:09 [undefined] info: POST /graphql 200 64812 - 31.345 ms

2022-07-22 15:22:11 [undefined] info: POST /graphql 200 64812 - 32.357 ms

2022-07-22 15:22:13 [undefined] info: POST /graphql 200 64812 - 12.619 ms

2022-07-22 15:22:16 [undefined] info: POST /graphql 200 64812 - 27.531 ms

2022-07-22 15:22:18 [undefined] info: POST /graphql 200 64812 - 27.046 ms

2022-07-22 15:22:20 [undefined] info: POST /graphql 200 64812 - 26.834 ms

2022-07-22 15:22:22 [undefined] info: POST /graphql 200 64812 - 26.654 ms

2022-07-22 15:22:24 [undefined] info: POST /graphql 200 64812 - 34.272 ms

2022-07-22 15:22:26 [undefined] info: POST /graphql 200 64812 - 23.696 ms

2022-07-22 15:22:28 [undefined] info: POST /graphql 200 64812 - 26.861 ms

2022-07-22 15:22:30 [undefined] info: POST /graphql 200 64812 - 25.549 ms

2022-07-22 15:22:32 [undefined] info: POST /graphql 200 64812 - 30.434 ms

2022-07-22 15:22:34 [undefined] info: POST /graphql 200 64812 - 32.084 ms

2022-07-22 15:22:34 [undefined] info: POST /graphql 200 64812 - 34.635 ms

2022-07-22 15:30:24 [undefined] info: POST /graphql 200 64812 - 28.013 ms

2022-07-22 15:30:26 [undefined] info: POST /graphql 200 64812 - 39.867 ms

2022-07-22 15:30:31 [undefined] info: POST /graphql 200 64812 - 47.122 ms

2022-07-22 15:30:33 [undefined] info: POST /graphql 200 64812 - 40.182 ms

2022-07-22 15:30:35 [undefined] info: POST /graphql 200 64812 - 38.493 ms

2022-07-22 15:30:37 [undefined] info: POST /graphql 200 64812 - 34.362 ms

2022-07-22 15:30:39 [undefined] info: POST /graphql 200 64812 - 45.055 ms

2022-07-22 15:30:41 [undefined] info: POST /graphql 200 64812 - 34.528 ms

2022-07-22 15:30:43 [undefined] info: POST /graphql 200 64812 - 48.968 ms

2022-07-22 15:30:46 [undefined] info: POST /graphql 200 64812 - 66.004 ms

2022-07-22 15:30:48 [undefined] info: POST /graphql 200 64812 - 29.274 ms

2022-07-22 15:30:50 [undefined] info: POST /graphql 200 64812 - 26.664 ms

2022-07-22 15:30:52 [undefined] info: POST /graphql 200 64812 - 29.221 ms

2022-07-22 15:30:54 [undefined] info: POST /graphql 200 64812 - 28.387 ms

2022-07-22 15:30:56 [undefined] info: POST /graphql 200 64812 - 36.069 ms

2022-07-22 15:30:58 [undefined] info: POST /graphql 200 64812 - 32.162 ms

2022-07-22 15:30:59 [undefined] info: GET /graphql 200 - - 1.216 ms

2022-07-22 15:31:00 [undefined] info: POST /graphql 200 64812 - 15.070 ms

2022-07-22 15:31:01 [undefined] info: POST /graphql 200 64812 - 36.945 ms

2022-07-22 15:31:14 [undefined] info: POST /graphql 200 64812 - 24.630 ms

2022-07-22 15:31:16 [undefined] info: POST /graphql 200 64812 - 53.700 ms

2022-07-22 15:31:22 [undefined] info: GET /graphql 200 - - 1.295 ms

2022-07-22 15:31:23 [undefined] info: POST /graphql 200 64812 - 18.713 ms

2022-07-22 15:31:24 [undefined] info: POST /graphql 200 64812 - 34.078 ms

2022-07-22 15:31:26 [undefined] info: POST /graphql 200 64812 - 26.841 ms

2022-07-22 15:31:28 [undefined] info: POST /graphql 200 64812 - 39.723 ms

2022-07-22 15:31:30 [undefined] info: POST /graphql 200 64812 - 43.347 ms

2022-07-22 15:31:32 [undefined] info: POST /graphql 200 64812 - 32.711 ms

2022-07-22 15:31:34 [undefined] info: POST /graphql 200 64812 - 32.649 ms

2022-07-22 15:31:37 [undefined] info: POST /graphql 200 64812 - 18.907 ms

2022-07-22 15:31:39 [undefined] info: POST /graphql 200 64812 - 44.798 ms

2022-07-22 15:31:41 [undefined] info: POST /graphql 200 64812 - 27.795 ms

2022-07-22 15:31:43 [undefined] info: POST /graphql 200 64812 - 30.329 ms

2022-07-22 15:31:45 [undefined] info: POST /graphql 200 64812 - 9.756 ms

2022-07-22 15:31:47 [undefined] info: POST /graphql 200 64812 - 67.229 ms

2022-07-22 15:31:49 [undefined] info: POST /graphql 200 64812 - 32.973 ms

2022-07-22 15:31:51 [undefined] info: POST /graphql 200 64812 - 17.689 ms

2022-07-22 15:31:52 [undefined] info: POST /graphql 400 4293 - 28.212 ms

2022-07-22 15:31:52 [undefined] info: POST /graphql 400 4293 - 29.280 ms

2022-07-22 15:31:53 [undefined] info: POST /graphql 200 64812 - 27.966 ms

2022-07-22 15:31:55 [undefined] info: POST /graphql 200 64812 - 22.440 ms

2022-07-22 15:31:57 [undefined] info: POST /graphql 200 64812 - 32.674 ms

2022-07-22 15:31:59 [undefined] info: POST /graphql 200 64812 - 34.203 ms

2022-07-22 15:32:01 [undefined] info: POST /graphql 200 64812 - 32.875 ms

2022-07-22 15:32:03 [undefined] info: POST /graphql 200 64812 - 26.166 ms

2022-07-22 15:32:06 [undefined] info: POST /graphql 200 64812 - 32.190 ms

2022-07-22 15:32:07 [undefined] info: POST /graphql 400 4293 - 11.281 ms

2022-07-22 15:32:08 [undefined] info: POST /graphql 200 64812 - 25.509 ms

2022-07-22 15:32:10 [undefined] info: POST /graphql 200 64812 - 31.290 ms

2022-07-22 15:32:12 [undefined] info: POST /graphql 200 64812 - 32.693 ms

2022-07-22 15:32:14 [undefined] info: POST /graphql 200 64812 - 24.697 ms

2022-07-22 15:32:16 [undefined] info: POST /graphql 200 64812 - 28.483 ms

2022-07-22 15:32:18 [undefined] info: POST /graphql 200 64812 - 31.836 ms

2022-07-22 15:32:20 [undefined] info: POST /graphql 200 64812 - 5.059 ms

2022-07-22 15:32:22 [undefined] info: POST /graphql 200 64812 - 27.580 ms

2022-07-22 15:32:24 [undefined] info: POST /graphql 200 64812 - 25.959 ms

2022-07-22 15:32:26 [undefined] info: POST /graphql 200 64812 - 32.938 ms

2022-07-22 15:32:28 [undefined] info: POST /graphql 200 64812 - 27.613 ms

2022-07-22 15:32:30 [undefined] info: POST /graphql 200 64812 - 24.914 ms

2022-07-22 15:32:33 [undefined] info: POST /graphql 200 64812 - 30.503 ms

2022-07-22 15:32:35 [undefined] info: POST /graphql 200 64812 - 24.666 ms

2022-07-22 15:32:37 [undefined] info: POST /graphql 200 64812 - 29.329 ms

2022-07-22 15:32:39 [undefined] info: POST /graphql 200 64812 - 25.266 ms

2022-07-22 15:32:41 [undefined] info: POST /graphql 200 64812 - 24.418 ms

2022-07-22 15:32:43 [undefined] info: POST /graphql 200 64812 - 24.755 ms

2022-07-22 15:32:45 [undefined] info: POST /graphql 200 64812 - 28.903 ms

2022-07-22 15:32:47 [undefined] info: POST /graphql 200 64812 - 23.734 ms

2022-07-22 15:32:49 [undefined] info: POST /graphql 200 64812 - 33.336 ms

2022-07-22 15:32:51 [undefined] info: POST /graphql 200 64812 - 25.759 ms

2022-07-22 15:32:53 [undefined] info: POST /graphql 200 64812 - 27.731 ms

2022-07-22 15:32:55 [undefined] info: POST /graphql 200 64812 - 24.819 ms

2022-07-22 15:32:57 [undefined] info: POST /graphql 200 64812 - 33.183 ms

2022-07-22 15:32:59 [undefined] info: POST /graphql 200 64812 - 24.705 ms

2022-07-22 15:33:01 [undefined] info: POST /graphql 200 64812 - 25.343 ms

2022-07-22 15:33:03 [undefined] info: POST /graphql 200 64812 - 33.009 ms

2022-07-22 15:33:05 [undefined] info: POST /graphql 200 64812 - 27.280 ms

2022-07-22 15:33:07 [undefined] info: POST /graphql 200 64812 - 25.772 ms

2022-07-22 15:33:10 [undefined] info: POST /graphql 200 64812 - 25.612 ms

2022-07-22 15:33:12 [undefined] info: POST /graphql 200 64812 - 23.729 ms

2022-07-22 15:33:14 [undefined] info: POST /graphql 200 64812 - 23.437 ms

2022-07-22 15:33:16 [undefined] info: POST /graphql 200 64812 - 35.116 ms

2022-07-22 15:33:18 [undefined] info: POST /graphql 200 64812 - 27.607 ms

2022-07-22 15:33:20 [undefined] info: POST /graphql 200 64812 - 23.873 ms

2022-07-22 15:33:22 [undefined] info: POST /graphql 200 64812 - 25.410 ms

2022-07-22 15:33:24 [undefined] info: POST /graphql 200 64812 - 24.593 ms

2022-07-22 15:33:26 [undefined] info: POST /graphql 200 64812 - 22.176 ms

2022-07-22 15:33:28 [undefined] info: POST /graphql 200 64812 - 51.164 ms

2022-07-22 15:33:30 [undefined] info: POST /graphql 200 64812 - 33.381 ms

2022-07-22 15:33:32 [undefined] info: POST /graphql 200 64812 - 22.931 ms

2022-07-22 15:33:34 [undefined] info: POST /graphql 200 64812 - 28.540 ms

2022-07-22 15:33:36 [undefined] info: POST /graphql 200 64812 - 25.751 ms

2022-07-22 15:33:44 [undefined] info: POST /graphql 200 64812 - 27.309 ms

2022-07-22 15:33:46 [undefined] info: POST /graphql 200 64812 - 53.981 ms

2022-07-22 15:33:48 [undefined] info: POST /graphql 200 64812 - 35.423 ms

2022-07-22 15:33:50 [undefined] info: POST /graphql 200 64812 - 66.065 ms

2022-07-22 15:33:52 [undefined] info: POST /graphql 200 64812 - 36.146 ms

2022-07-22 15:33:54 [undefined] info: POST /graphql 200 64812 - 27.178 ms

2022-07-22 15:33:56 [undefined] info: POST /graphql 200 64812 - 30.326 ms

2022-07-22 15:33:58 [undefined] info: POST /graphql 200 64812 - 43.267 ms

2022-07-22 15:34:00 [undefined] info: POST /graphql 200 64812 - 32.095 ms

2022-07-22 15:34:02 [undefined] info: POST /graphql 200 64812 - 29.045 ms

2022-07-22 15:34:04 [undefined] info: POST /graphql 200 64812 - 30.444 ms

2022-07-22 15:34:06 [undefined] info: POST /graphql 200 64812 - 35.006 ms

2022-07-22 15:34:08 [undefined] info: POST /graphql 200 64812 - 28.202 ms

2022-07-22 15:34:10 [undefined] info: POST /graphql 200 64812 - 30.330 ms

2022-07-22 15:34:12 [undefined] info: POST /graphql 200 64812 - 27.275 ms

2022-07-22 15:34:14 [undefined] info: POST /graphql 200 64812 - 25.723 ms

2022-07-22 15:34:16 [undefined] info: POST /graphql 200 64812 - 32.824 ms

2022-07-22 15:34:19 [undefined] info: POST /graphql 200 64812 - 31.033 ms

2022-07-22 15:34:21 [undefined] info: POST /graphql 200 64812 - 29.344 ms

2022-07-22 15:34:23 [undefined] info: POST /graphql 200 64812 - 24.969 ms

2022-07-22 15:34:25 [undefined] info: POST /graphql 200 64812 - 28.269 ms

2022-07-22 15:34:27 [undefined] info: POST /graphql 200 64812 - 24.331 ms

2022-07-22 15:34:29 [undefined] info: POST /graphql 200 64812 - 27.769 ms

2022-07-22 15:34:31 [undefined] info: POST /graphql 200 64812 - 26.131 ms

2022-07-22 15:34:33 [undefined] info: POST /graphql 200 64812 - 34.678 ms

2022-07-22 15:34:35 [undefined] info: POST /graphql 200 64812 - 26.358 ms

2022-07-22 15:34:37 [undefined] info: POST /graphql 200 64812 - 31.124 ms

2022-07-22 15:34:39 [undefined] info: POST /graphql 200 64812 - 32.413 ms

2022-07-22 15:34:41 [undefined] info: POST /graphql 200 64812 - 24.742 ms

2022-07-22 15:34:43 [undefined] info: POST /graphql 200 64812 - 32.213 ms

2022-07-22 15:34:45 [undefined] info: POST /graphql 200 64812 - 27.446 ms

2022-07-22 15:34:47 [undefined] info: POST /graphql 200 64812 - 22.865 ms

2022-07-22 15:34:49 [undefined] info: POST /graphql 200 64812 - 27.275 ms

2022-07-22 15:34:52 [undefined] info: POST /graphql 200 64812 - 25.645 ms

2022-07-22 15:34:54 [undefined] info: POST /graphql 200 64812 - 24.820 ms

2022-07-22 15:34:56 [undefined] info: POST /graphql 200 64812 - 25.093 ms

2022-07-22 15:34:58 [undefined] info: POST /graphql 200 64812 - 31.458 ms

2022-07-22 15:35:00 [undefined] info: POST /graphql 200 64812 - 30.306 ms

2022-07-22 15:35:02 [undefined] info: POST /graphql 200 64812 - 25.409 ms

2022-07-22 15:35:04 [undefined] info: POST /graphql 200 64812 - 24.308 ms

2022-07-22 15:35:06 [undefined] info: POST /graphql 200 64812 - 30.531 ms

2022-07-22 15:35:08 [undefined] info: POST /graphql 200 64812 - 24.099 ms

2022-07-22 15:35:10 [undefined] info: POST /graphql 200 64812 - 16.414 ms

2022-07-22 15:35:12 [undefined] info: POST /graphql 200 64812 - 32.066 ms

2022-07-22 15:35:14 [undefined] info: POST /graphql 200 64812 - 27.316 ms

2022-07-22 15:35:16 [undefined] info: POST /graphql 200 64812 - 33.429 ms

2022-07-22 15:35:18 [undefined] info: POST /graphql 200 64812 - 28.100 ms

2022-07-22 15:35:20 [undefined] info: POST /graphql 200 64812 - 22.274 ms

2022-07-22 15:35:22 [undefined] info: POST /graphql 200 64812 - 25.235 ms

2022-07-22 15:35:24 [undefined] info: POST /graphql 200 64812 - 22.089 ms

2022-07-22 15:35:27 [undefined] info: POST /graphql 200 64812 - 25.648 ms

2022-07-22 15:35:29 [undefined] info: POST /graphql 200 64812 - 22.681 ms

2022-07-22 15:35:31 [undefined] info: POST /graphql 200 64812 - 30.002 ms

2022-07-22 15:35:33 [undefined] info: POST /graphql 200 64812 - 25.596 ms

2022-07-22 15:35:35 [undefined] info: POST /graphql 200 64812 - 23.467 ms

2022-07-22 15:35:37 [undefined] info: POST /graphql 200 64812 - 23.498 ms

2022-07-22 15:35:39 [undefined] info: POST /graphql 200 64812 - 24.559 ms

2022-07-22 15:35:41 [undefined] info: POST /graphql 200 64812 - 26.307 ms

2022-07-22 15:35:43 [undefined] info: POST /graphql 200 64812 - 22.560 ms

2022-07-22 15:35:45 [undefined] info: POST /graphql 200 64812 - 25.799 ms

2022-07-22 15:35:47 [undefined] info: POST /graphql 200 64812 - 24.377 ms

2022-07-22 15:35:49 [undefined] info: POST /graphql 200 64812 - 25.855 ms

2022-07-22 15:35:51 [undefined] info: POST /graphql 200 64812 - 22.530 ms

2022-07-22 15:35:53 [undefined] info: POST /graphql 200 64812 - 22.201 ms

2022-07-22 15:35:55 [undefined] info: POST /graphql 200 64812 - 35.147 ms

2022-07-22 15:35:57 [undefined] info: POST /graphql 200 64812 - 23.368 ms

2022-07-22 15:35:59 [undefined] info: POST /graphql 200 64812 - 31.322 ms

2022-07-22 15:36:28 [undefined] info: POST /graphql 200 64812 - 29.258 ms

2022-07-22 16:36:53 [undefined] info: POST /graphql 200 64812 - 41.595 ms

2022-07-22 16:36:55 [undefined] info: POST /graphql 200 64812 - 36.183 ms

2022-07-22 16:36:57 [undefined] info: POST /graphql 200 64812 - 37.112 ms

2022-07-22 16:36:59 [undefined] info: POST /graphql 200 64812 - 35.951 ms

2022-07-22 16:37:01 [undefined] info: POST /graphql 200 64812 - 28.703 ms

2022-07-22 16:37:03 [undefined] info: POST /graphql 200 64812 - 28.000 ms

2022-07-22 16:37:05 [undefined] info: POST /graphql 200 64812 - 38.568 ms

2022-07-22 16:37:08 [undefined] info: POST /graphql 200 64812 - 27.238 ms

2022-07-22 16:37:10 [undefined] info: POST /graphql 200 64812 - 27.349 ms

2022-07-22 16:37:12 [undefined] info: POST /graphql 200 64812 - 27.475 ms

2022-07-22 16:37:14 [undefined] info: POST /graphql 200 64812 - 27.475 ms

2022-07-22 16:37:16 [undefined] info: POST /graphql 200 64812 - 35.480 ms

2022-07-22 16:37:18 [undefined] info: POST /graphql 200 64812 - 7.780 ms

2022-07-22 16:37:20 [undefined] info: POST /graphql 200 64812 - 36.011 ms

2022-07-22 16:37:22 [undefined] info: POST /graphql 200 64812 - 6.604 ms

2022-07-22 16:37:24 [undefined] info: POST /graphql 200 64812 - 30.132 ms

2022-07-22 16:37:26 [undefined] info: POST /graphql 200 64812 - 29.763 ms

2022-07-22 16:37:28 [undefined] info: POST /graphql 200 64812 - 28.988 ms

2022-07-22 16:37:30 [undefined] info: POST /graphql 200 64812 - 30.800 ms

2022-07-22 16:37:32 [undefined] info: POST /graphql 200 64812 - 27.807 ms

2022-07-22 16:37:34 [undefined] info: POST /graphql 200 64812 - 29.016 ms

2022-07-22 16:37:36 [undefined] info: POST /graphql 200 64812 - 26.970 ms

2022-07-22 16:37:38 [undefined] info: POST /graphql 200 64812 - 23.398 ms

2022-07-22 16:37:40 [undefined] info: POST /graphql 200 64812 - 41.484 ms

2022-07-22 16:37:43 [undefined] info: POST /graphql 200 64812 - 32.288 ms

2022-07-22 16:37:45 [undefined] info: POST /graphql 200 64812 - 27.092 ms

2022-07-22 16:37:47 [undefined] info: POST /graphql 200 64812 - 23.972 ms

2022-07-22 16:37:49 [undefined] info: POST /graphql 200 64812 - 28.071 ms

2022-07-22 16:37:51 [undefined] info: POST /graphql 200 64812 - 27.101 ms

2022-07-22 16:37:53 [undefined] info: POST /graphql 200 64812 - 23.115 ms

2022-07-22 16:37:55 [undefined] info: POST /graphql 200 64812 - 27.804 ms

2022-07-22 16:37:57 [undefined] info: POST /graphql 200 64812 - 24.627 ms

2022-07-22 16:37:59 [undefined] info: POST /graphql 200 64812 - 23.540 ms

2022-07-22 16:38:01 [undefined] info: POST /graphql 200 64812 - 24.405 ms

2022-07-22 16:38:03 [undefined] info: POST /graphql 200 64812 - 34.159 ms

2022-07-22 16:38:05 [undefined] info: POST /graphql 200 64812 - 32.060 ms

2022-07-22 16:38:07 [undefined] info: POST /graphql 200 64812 - 24.131 ms

2022-07-22 16:38:09 [undefined] info: POST /graphql 200 64812 - 26.298 ms

2022-07-22 16:38:11 [undefined] info: POST /graphql 200 64812 - 23.514 ms

2022-07-22 16:38:13 [undefined] info: POST /graphql 200 64812 - 24.957 ms

2022-07-22 16:38:15 [undefined] info: POST /graphql 200 64812 - 33.760 ms

2022-07-22 16:38:18 [undefined] info: POST /graphql 200 64812 - 26.831 ms

2022-07-22 16:38:20 [undefined] info: POST /graphql 200 64812 - 24.311 ms

2022-07-22 16:38:22 [undefined] info: POST /graphql 200 64812 - 28.570 ms

2022-07-22 16:38:24 [undefined] info: POST /graphql 200 64812 - 27.995 ms

2022-07-22 16:38:26 [undefined] info: POST /graphql 200 64812 - 31.312 ms

2022-07-22 16:38:28 [undefined] info: POST /graphql 200 64812 - 27.674 ms

2022-07-22 16:38:30 [undefined] info: POST /graphql 200 64812 - 47.243 ms

2022-07-22 16:38:32 [undefined] info: POST /graphql 200 64812 - 29.234 ms

2022-07-22 16:38:34 [undefined] info: POST /graphql 200 64812 - 23.156 ms

2022-07-22 16:38:36 [undefined] info: POST /graphql 200 64812 - 24.611 ms

2022-07-22 16:38:38 [undefined] info: POST /graphql 200 64812 - 29.483 ms

2022-07-22 16:38:40 [undefined] info: POST /graphql 200 64812 - 24.004 ms

2022-07-22 16:38:42 [undefined] info: POST /graphql 200 64812 - 22.132 ms

2022-07-22 16:38:44 [undefined] info: POST /graphql 200 64812 - 25.668 ms

2022-07-22 16:38:46 [undefined] info: POST /graphql 200 64812 - 23.072 ms

2022-07-22 16:38:48 [undefined] info: POST /graphql 200 64812 - 22.958 ms

2022-07-22 16:38:50 [undefined] info: POST /graphql 200 64812 - 23.544 ms

2022-07-22 16:38:53 [undefined] info: POST /graphql 200 64812 - 23.822 ms

2022-07-22 16:38:55 [undefined] info: POST /graphql 200 64812 - 22.934 ms

2022-07-22 16:38:57 [undefined] info: POST /graphql 200 64812 - 25.716 ms

2022-07-22 16:38:59 [undefined] info: POST /graphql 200 64812 - 29.510 ms

2022-07-22 16:39:01 [undefined] info: POST /graphql 200 64812 - 23.245 ms

2022-07-22 16:39:03 [undefined] info: POST /graphql 200 64812 - 24.237 ms

2022-07-22 16:39:05 [undefined] info: POST /graphql 200 64812 - 25.113 ms

2022-07-22 16:39:07 [undefined] info: POST /graphql 200 64812 - 29.129 ms

2022-07-22 16:39:09 [undefined] info: POST /graphql 200 64812 - 34.361 ms

2022-07-22 16:39:11 [undefined] info: POST /graphql 200 64812 - 22.575 ms

2022-07-22 16:39:13 [undefined] info: POST /graphql 200 64812 - 25.899 ms

2022-07-22 16:39:15 [undefined] info: POST /graphql 200 64812 - 22.966 ms

2022-07-22 16:39:17 [undefined] info: POST /graphql 200 64812 - 29.022 ms

2022-07-22 16:39:19 [undefined] info: POST /graphql 200 64812 - 27.060 ms

2022-07-22 16:39:21 [undefined] info: POST /graphql 200 64812 - 23.196 ms

2022-07-22 16:39:23 [undefined] info: POST /graphql 200 64812 - 23.752 ms

2022-07-22 16:39:25 [undefined] info: POST /graphql 200 64812 - 22.487 ms

2022-07-22 16:39:27 [undefined] info: POST /graphql 200 64812 - 24.676 ms

2022-07-22 16:39:30 [undefined] info: POST /graphql 200 64812 - 24.608 ms

2022-07-22 16:39:32 [undefined] info: POST /graphql 200 64812 - 23.385 ms

2022-07-22 16:39:34 [undefined] info: POST /graphql 200 64812 - 23.161 ms

2022-07-22 16:39:36 [undefined] info: POST /graphql 200 64812 - 24.473 ms

2022-07-22 16:39:38 [undefined] info: POST /graphql 200 64812 - 26.841 ms

2022-07-22 16:39:40 [undefined] info: POST /graphql 200 64812 - 27.872 ms

2022-07-22 16:39:42 [undefined] info: POST /graphql 200 64812 - 26.363 ms

2022-07-22 16:39:44 [undefined] info: POST /graphql 200 64812 - 22.306 ms

2022-07-22 16:39:46 [undefined] info: POST /graphql 200 64812 - 28.507 ms

2022-07-22 16:39:48 [undefined] info: POST /graphql 200 64812 - 30.213 ms

2022-07-22 16:39:50 [undefined] info: POST /graphql 200 64812 - 22.602 ms

2022-07-22 16:39:52 [undefined] info: POST /graphql 200 64812 - 22.423 ms

2022-07-22 16:39:54 [undefined] info: POST /graphql 200 64812 - 22.687 ms

2022-07-22 16:39:56 [undefined] info: POST /graphql 200 64812 - 25.220 ms

2022-07-22 16:39:58 [undefined] info: POST /graphql 200 64812 - 38.618 ms

2022-07-22 16:40:00 [undefined] info: POST /graphql 200 64812 - 35.493 ms

2022-07-22 16:40:02 [undefined] info: POST /graphql 200 64812 - 24.546 ms

2022-07-22 16:40:04 [undefined] info: POST /graphql 200 64812 - 22.521 ms

2022-07-22 16:40:07 [undefined] info: POST /graphql 200 64812 - 24.811 ms

2022-07-22 16:40:09 [undefined] info: POST /graphql 200 64812 - 23.239 ms

2022-07-22 16:40:11 [undefined] info: POST /graphql 200 64812 - 28.727 ms

2022-07-22 16:40:13 [undefined] info: POST /graphql 200 64812 - 25.606 ms

2022-07-22 16:40:15 [undefined] info: POST /graphql 200 64812 - 24.603 ms

2022-07-22 16:40:17 [undefined] info: POST /graphql 200 64812 - 22.028 ms

2022-07-22 16:40:19 [undefined] info: POST /graphql 200 64812 - 23.831 ms

2022-07-22 16:40:21 [undefined] info: POST /graphql 200 64812 - 24.324 ms

2022-07-22 16:40:23 [undefined] info: POST /graphql 200 64812 - 23.688 ms

2022-07-22 16:40:25 [undefined] info: POST /graphql 200 64812 - 24.318 ms

2022-07-22 16:40:27 [undefined] info: POST /graphql 200 64812 - 24.594 ms

2022-07-22 16:40:29 [undefined] info: POST /graphql 200 64812 - 26.643 ms

2022-07-22 16:40:31 [undefined] info: POST /graphql 200 64812 - 22.368 ms

2022-07-22 16:40:33 [undefined] info: POST /graphql 200 64812 - 23.438 ms

2022-07-22 16:40:35 [undefined] info: POST /graphql 200 64812 - 31.050 ms

2022-07-22 16:40:37 [undefined] info: POST /graphql 200 64812 - 21.588 ms

2022-07-22 16:40:39 [undefined] info: POST /graphql 200 64812 - 24.852 ms

2022-07-22 16:40:41 [undefined] info: POST /graphql 200 64812 - 24.963 ms

2022-07-22 16:40:44 [undefined] info: POST /graphql 200 64812 - 23.012 ms

2022-07-22 16:40:46 [undefined] info: POST /graphql 200 64812 - 29.598 ms

2022-07-22 16:40:48 [undefined] info: POST /graphql 200 64812 - 24.790 ms

2022-07-22 16:40:50 [undefined] info: POST /graphql 200 64812 - 21.960 ms

2022-07-22 16:40:52 [undefined] info: POST /graphql 200 64812 - 22.587 ms

2022-07-22 16:40:54 [undefined] info: POST /graphql 200 64812 - 25.748 ms

2022-07-22 16:40:56 [undefined] info: POST /graphql 200 64812 - 28.989 ms

2022-07-22 16:40:58 [undefined] info: POST /graphql 200 64812 - 25.914 ms

2022-07-22 16:41:00 [undefined] info: POST /graphql 200 64812 - 22.556 ms

2022-07-22 16:41:02 [undefined] info: POST /graphql 200 64812 - 22.999 ms

2022-07-22 16:41:04 [undefined] info: POST /graphql 200 64812 - 22.077 ms

2022-07-22 16:41:06 [undefined] info: POST /graphql 200 64812 - 32.257 ms

2022-07-22 16:41:08 [undefined] info: POST /graphql 200 64812 - 38.973 ms

2022-07-22 16:41:10 [undefined] info: POST /graphql 200 64812 - 23.319 ms

2022-07-22 16:41:12 [undefined] info: POST /graphql 200 64812 - 23.064 ms

2022-07-22 16:41:14 [undefined] info: POST /graphql 200 64812 - 23.948 ms

2022-07-22 16:41:16 [undefined] info: POST /graphql 200 64812 - 24.010 ms

2022-07-22 16:41:18 [undefined] info: POST /graphql 200 64812 - 25.559 ms

2022-07-22 16:41:21 [undefined] info: POST /graphql 200 64812 - 22.949 ms

2022-07-22 16:41:23 [undefined] info: POST /graphql 200 64812 - 24.967 ms

2022-07-22 16:41:25 [undefined] info: POST /graphql 200 64812 - 25.704 ms

2022-07-22 16:41:27 [undefined] info: POST /graphql 200 64812 - 22.607 ms

2022-07-22 16:41:29 [undefined] info: POST /graphql 200 64812 - 22.893 ms

2022-07-22 16:41:31 [undefined] info: POST /graphql 200 64812 - 23.166 ms

2022-07-22 16:41:33 [undefined] info: POST /graphql 200 64812 - 22.532 ms

2022-07-22 16:41:35 [undefined] info: POST /graphql 200 64812 - 23.586 ms

2022-07-22 16:41:37 [undefined] info: POST /graphql 200 64812 - 23.708 ms

2022-07-22 16:41:39 [undefined] info: POST /graphql 200 64812 - 23.037 ms

2022-07-22 16:41:41 [undefined] info: POST /graphql 200 64812 - 25.008 ms

2022-07-22 16:41:43 [undefined] info: POST /graphql 200 64812 - 23.835 ms

2022-07-22 16:41:45 [undefined] info: POST /graphql 200 64812 - 27.597 ms

2022-07-22 16:41:47 [undefined] info: POST /graphql 200 64812 - 22.223 ms

2022-07-22 16:41:49 [undefined] info: POST /graphql 200 64812 - 22.195 ms

2022-07-22 16:41:51 [undefined] info: POST /graphql 200 64812 - 22.161 ms

2022-07-22 16:41:53 [undefined] info: POST /graphql 200 64812 - 37.571 ms

2022-07-22 16:41:55 [undefined] info: POST /graphql 200 64812 - 27.077 ms

2022-07-22 16:41:57 [undefined] info: POST /graphql 200 64812 - 24.937 ms

2022-07-22 16:42:00 [undefined] info: POST /graphql 200 64812 - 26.085 ms

2022-07-22 16:42:02 [undefined] info: POST /graphql 200 64812 - 23.605 ms

2022-07-22 16:42:04 [undefined] info: POST /graphql 200 64812 - 21.974 ms

2022-07-22 16:42:06 [undefined] info: POST /graphql 200 64812 - 30.970 ms

2022-07-22 16:42:08 [undefined] info: POST /graphql 200 64812 - 24.379 ms

2022-07-22 16:42:10 [undefined] info: POST /graphql 200 64812 - 24.208 ms

2022-07-22 16:42:12 [undefined] info: POST /graphql 200 64812 - 22.404 ms

2022-07-22 16:42:14 [undefined] info: POST /graphql 200 64812 - 23.076 ms

2022-07-22 16:42:16 [undefined] info: POST /graphql 200 64812 - 35.374 ms

2022-07-22 16:42:18 [undefined] info: POST /graphql 200 64812 - 26.250 ms

2022-07-22 16:42:20 [undefined] info: POST /graphql 200 64812 - 22.094 ms

2022-07-22 16:42:22 [undefined] info: POST /graphql 200 64812 - 21.310 ms

2022-07-22 16:42:24 [undefined] info: POST /graphql 200 64812 - 25.250 ms

2022-07-22 16:42:26 [undefined] info: POST /graphql 200 64812 - 28.125 ms

2022-07-22 16:42:28 [undefined] info: POST /graphql 200 64812 - 22.800 ms

2022-07-22 16:42:30 [undefined] info: POST /graphql 200 64812 - 25.461 ms

2022-07-22 16:42:32 [undefined] info: POST /graphql 200 64812 - 22.371 ms

2022-07-22 16:42:34 [undefined] info: POST /graphql 200 64812 - 22.011 ms

2022-07-22 16:42:37 [undefined] info: POST /graphql 200 64812 - 24.272 ms

2022-07-22 16:42:39 [undefined] info: POST /graphql 200 64812 - 23.047 ms

2022-07-22 16:42:41 [undefined] info: POST /graphql 200 64812 - 22.896 ms

2022-07-22 16:42:43 [undefined] info: POST /graphql 200 64812 - 21.555 ms

2022-07-22 16:42:45 [undefined] info: POST /graphql 200 64812 - 39.267 ms

2022-07-22 16:42:47 [undefined] info: POST /graphql 200 64812 - 24.490 ms

2022-07-22 16:42:49 [undefined] info: POST /graphql 200 64812 - 24.297 ms

2022-07-22 16:42:51 [undefined] info: POST /graphql 200 64812 - 25.155 ms

2022-07-22 16:42:53 [undefined] info: POST /graphql 200 64812 - 25.119 ms

2022-07-22 16:42:55 [undefined] info: POST /graphql 200 64812 - 22.400 ms

2022-07-22 16:42:57 [undefined] info: POST /graphql 200 64812 - 23.399 ms

2022-07-22 16:42:59 [undefined] info: POST /graphql 200 64812 - 26.193 ms

2022-07-22 16:43:01 [undefined] info: POST /graphql 200 64812 - 23.902 ms

2022-07-22 16:43:03 [undefined] info: POST /graphql 200 64812 - 27.719 ms

2022-07-22 16:43:05 [undefined] info: POST /graphql 200 64812 - 27.079 ms

2022-07-22 16:43:07 [undefined] info: POST /graphql 200 64812 - 23.354 ms

2022-07-22 16:43:09 [undefined] info: POST /graphql 200 64812 - 25.820 ms

2022-07-22 16:43:12 [undefined] info: POST /graphql 200 64812 - 26.275 ms

2022-07-22 16:43:14 [undefined] info: POST /graphql 200 64812 - 26.743 ms

2022-07-22 16:43:16 [undefined] info: POST /graphql 200 64812 - 22.908 ms

2022-07-22 16:43:18 [undefined] info: POST /graphql 200 64812 - 24.136 ms

2022-07-22 16:43:20 [undefined] info: POST /graphql 200 64812 - 22.025 ms

2022-07-22 16:43:22 [undefined] info: POST /graphql 200 64812 - 22.008 ms

2022-07-22 16:43:24 [undefined] info: POST /graphql 200 64812 - 29.070 ms

2022-07-22 16:43:26 [undefined] info: POST /graphql 200 64812 - 25.405 ms

2022-07-22 16:43:28 [undefined] info: POST /graphql 200 64812 - 23.135 ms

2022-07-22 16:43:30 [undefined] info: POST /graphql 200 64812 - 23.594 ms

2022-07-22 16:43:32 [undefined] info: POST /graphql 200 64812 - 24.989 ms

2022-07-22 16:43:34 [undefined] info: POST /graphql 200 64812 - 24.178 ms

2022-07-22 16:43:36 [undefined] info: POST /graphql 200 64812 - 24.218 ms

2022-07-22 16:43:38 [undefined] info: POST /graphql 200 64812 - 24.745 ms

2022-07-22 16:43:40 [undefined] info: POST /graphql 200 64812 - 26.809 ms

2022-07-22 16:43:42 [undefined] info: POST /graphql 200 64812 - 23.939 ms

2022-07-22 16:43:44 [undefined] info: POST /graphql 200 64812 - 24.393 ms

2022-07-22 16:43:46 [undefined] info: POST /graphql 200 64812 - 22.829 ms

2022-07-22 16:43:48 [undefined] info: POST /graphql 200 64812 - 26.052 ms

2022-07-22 17:00:09 [undefined] info: POST /graphql 200 64812 - 31.369 ms

2022-07-22 17:00:11 [undefined] info: POST /graphql 200 64812 - 26.511 ms

2022-07-22 17:00:13 [undefined] info: POST /graphql 200 64812 - 37.909 ms

2022-07-22 17:00:15 [undefined] info: POST /graphql 200 64812 - 52.229 ms

2022-07-22 17:00:17 [undefined] info: POST /graphql 200 64812 - 35.710 ms

2022-07-22 17:00:19 [undefined] info: POST /graphql 200 64812 - 31.021 ms

2022-07-22 17:00:21 [undefined] info: POST /graphql 200 64812 - 32.748 ms

2022-07-22 17:00:23 [undefined] info: POST /graphql 200 64812 - 25.160 ms

2022-07-22 17:00:25 [undefined] info: POST /graphql 200 64812 - 25.444 ms

2022-07-22 17:00:27 [undefined] info: POST /graphql 200 64812 - 24.690 ms

2022-07-22 17:00:30 [undefined] info: POST /graphql 200 64812 - 9.657 ms

2022-07-22 17:00:32 [undefined] info: POST /graphql 200 64812 - 35.493 ms

2022-07-22 17:00:34 [undefined] info: POST /graphql 200 64812 - 32.259 ms

2022-07-22 17:00:36 [undefined] info: POST /graphql 200 64812 - 26.133 ms

2022-07-22 17:00:38 [undefined] info: POST /graphql 200 64812 - 27.316 ms

2022-07-22 17:00:40 [undefined] info: POST /graphql 200 64812 - 32.215 ms

2022-07-22 17:00:42 [undefined] info: POST /graphql 200 64812 - 29.124 ms

2022-07-22 17:00:44 [undefined] info: POST /graphql 200 64812 - 25.172 ms

2022-07-22 17:00:46 [undefined] info: POST /graphql 200 64812 - 35.433 ms

2022-07-22 17:00:48 [undefined] info: POST /graphql 200 64812 - 33.246 ms

2022-07-22 17:00:50 [undefined] info: POST /graphql 200 64812 - 25.894 ms

2022-07-22 17:00:52 [undefined] info: POST /graphql 200 64812 - 30.858 ms

2022-07-22 17:00:54 [undefined] info: POST /graphql 200 64812 - 25.353 ms

2022-07-22 17:00:56 [undefined] info: POST /graphql 200 64812 - 32.470 ms

2022-07-22 17:00:58 [undefined] info: POST /graphql 200 64812 - 31.564 ms

2022-07-22 17:01:00 [undefined] info: POST /graphql 200 64812 - 30.885 ms

2022-07-22 17:01:02 [undefined] info: POST /graphql 200 64812 - 24.249 ms

2022-07-22 17:01:05 [undefined] info: POST /graphql 200 64812 - 22.596 ms

2022-07-22 17:01:07 [undefined] info: POST /graphql 200 64812 - 25.059 ms

2022-07-22 17:01:09 [undefined] info: POST /graphql 200 64812 - 24.976 ms

2022-07-22 17:01:11 [undefined] info: POST /graphql 200 64812 - 32.078 ms

2022-07-22 17:01:13 [undefined] info: POST /graphql 200 64812 - 25.947 ms

2022-07-22 17:01:15 [undefined] info: POST /graphql 200 64812 - 28.943 ms

2022-07-22 17:01:17 [undefined] info: POST /graphql 200 64812 - 27.867 ms

2022-07-22 17:01:19 [undefined] info: POST /graphql 200 64812 - 24.076 ms

2022-07-22 17:01:21 [undefined] info: POST /graphql 200 64812 - 27.784 ms

2022-07-22 17:01:23 [undefined] info: POST /graphql 200 64812 - 28.916 ms

2022-07-22 17:01:25 [undefined] info: POST /graphql 200 64812 - 45.152 ms

2022-07-22 17:01:27 [undefined] info: POST /graphql 200 64812 - 24.252 ms

2022-07-22 17:01:29 [undefined] info: POST /graphql 200 64812 - 26.918 ms

2022-07-22 17:01:31 [undefined] info: POST /graphql 200 64812 - 24.716 ms

2022-07-22 17:01:33 [undefined] info: POST /graphql 200 64812 - 24.295 ms

2022-07-22 17:01:35 [undefined] info: POST /graphql 200 64812 - 25.535 ms

2022-07-22 17:01:37 [undefined] info: POST /graphql 200 64812 - 26.188 ms

2022-07-22 17:01:40 [undefined] info: POST /graphql 200 64812 - 25.183 ms

2022-07-22 17:01:42 [undefined] info: POST /graphql 200 64812 - 34.026 ms

2022-07-22 17:01:44 [undefined] info: POST /graphql 200 64812 - 24.710 ms

2022-07-22 17:01:46 [undefined] info: POST /graphql 200 64812 - 28.027 ms

2022-07-22 17:01:48 [undefined] info: POST /graphql 200 64812 - 23.617 ms

2022-07-22 17:01:50 [undefined] info: POST /graphql 200 64812 - 28.129 ms

2022-07-22 17:01:52 [undefined] info: POST /graphql 200 64812 - 28.043 ms

2022-07-22 17:01:54 [undefined] info: POST /graphql 200 64812 - 30.087 ms

2022-07-22 17:01:56 [undefined] info: POST /graphql 200 64812 - 22.273 ms

2022-07-22 17:01:58 [undefined] info: POST /graphql 200 64812 - 24.029 ms

2022-07-22 17:02:00 [undefined] info: POST /graphql 200 64812 - 24.999 ms

2022-07-22 17:02:02 [undefined] info: POST /graphql 200 64812 - 23.818 ms

2022-07-22 17:02:04 [undefined] info: POST /graphql 200 64812 - 26.655 ms

2022-07-22 17:02:06 [undefined] info: POST /graphql 200 64812 - 25.285 ms

2022-07-22 17:02:08 [undefined] info: POST /graphql 200 64812 - 22.575 ms

2022-07-22 17:02:10 [undefined] info: POST /graphql 200 64812 - 23.971 ms

2022-07-22 17:02:12 [undefined] info: POST /graphql 200 64812 - 23.132 ms

2022-07-22 17:02:14 [undefined] info: POST /graphql 200 64812 - 22.687 ms

2022-07-22 17:02:17 [undefined] info: POST /graphql 200 64812 - 25.223 ms

2022-07-22 17:02:19 [undefined] info: POST /graphql 200 64812 - 22.003 ms

2022-07-22 17:02:21 [undefined] info: POST /graphql 200 64812 - 24.073 ms

2022-07-22 18:02:04 [undefined] info: POST /graphql 200 64812 - 27.717 ms

2022-07-22 18:02:06 [undefined] info: POST /graphql 200 64812 - 34.958 ms

2022-07-22 18:02:08 [undefined] info: POST /graphql 200 64812 - 36.100 ms

2022-07-22 18:02:10 [undefined] info: POST /graphql 200 64812 - 33.627 ms

2022-07-22 18:02:12 [undefined] info: POST /graphql 200 64812 - 31.864 ms

2022-07-22 18:02:14 [undefined] info: POST /graphql 200 64812 - 32.001 ms

2022-07-22 18:02:16 [undefined] info: POST /graphql 200 64812 - 27.819 ms

2022-07-22 18:02:18 [undefined] info: POST /graphql 200 64812 - 27.730 ms

2022-07-22 18:02:20 [undefined] info: POST /graphql 200 64812 - 30.202 ms

2022-07-22 18:02:22 [undefined] info: POST /graphql 200 64812 - 29.313 ms

2022-07-22 18:02:24 [undefined] info: POST /graphql 200 64812 - 27.896 ms

2022-07-22 18:02:27 [undefined] info: POST /graphql 200 64812 - 26.154 ms

2022-07-22 18:02:29 [undefined] info: POST /graphql 200 64812 - 28.846 ms

2022-07-22 18:02:31 [undefined] info: POST /graphql 200 64812 - 17.216 ms

2022-07-22 18:02:33 [undefined] info: POST /graphql 200 64812 - 30.159 ms

2022-07-22 18:02:35 [undefined] info: POST /graphql 200 64812 - 29.386 ms

2022-07-22 18:02:37 [undefined] info: POST /graphql 200 64812 - 10.308 ms

2022-07-22 18:02:39 [undefined] info: POST /graphql 200 64812 - 27.420 ms

2022-07-22 18:02:41 [undefined] info: POST /graphql 200 64812 - 25.156 ms

2022-07-22 18:02:43 [undefined] info: POST /graphql 200 64812 - 28.203 ms

2022-07-22 18:02:45 [undefined] info: POST /graphql 200 64812 - 21.996 ms

2022-07-22 18:02:47 [undefined] info: POST /graphql 200 64812 - 26.811 ms

2022-07-22 18:02:49 [undefined] info: POST /graphql 200 64812 - 24.690 ms

2022-07-22 18:02:51 [undefined] info: POST /graphql 200 64812 - 22.594 ms

2022-07-22 18:02:53 [undefined] info: POST /graphql 200 64812 - 24.946 ms

2022-07-22 18:02:55 [undefined] info: POST /graphql 200 64812 - 31.520 ms

2022-07-22 18:02:57 [undefined] info: POST /graphql 200 64812 - 26.904 ms

2022-07-22 18:02:59 [undefined] info: POST /graphql 200 64812 - 23.049 ms

2022-07-22 18:03:01 [undefined] info: POST /graphql 200 64812 - 26.859 ms

2022-07-22 18:03:04 [undefined] info: POST /graphql 200 64812 - 29.846 ms

2022-07-22 18:03:06 [undefined] info: POST /graphql 200 64812 - 22.593 ms

2022-07-22 18:03:08 [undefined] info: POST /graphql 200 64812 - 23.775 ms

2022-07-22 18:03:10 [undefined] info: POST /graphql 200 64812 - 29.377 ms

2022-07-22 18:03:12 [undefined] info: POST /graphql 200 64812 - 23.560 ms

2022-07-22 18:03:14 [undefined] info: POST /graphql 200 64812 - 25.354 ms

2022-07-22 18:03:16 [undefined] info: POST /graphql 200 64812 - 27.059 ms

2022-07-22 18:03:18 [undefined] info: POST /graphql 200 64812 - 29.762 ms

2022-07-22 18:03:20 [undefined] info: POST /graphql 200 64812 - 26.598 ms

2022-07-22 18:03:22 [undefined] info: POST /graphql 200 64812 - 34.590 ms

2022-07-22 18:03:24 [undefined] info: POST /graphql 200 64812 - 31.459 ms

2022-07-22 18:03:26 [undefined] info: POST /graphql 200 64812 - 5.863 ms

2022-07-22 18:12:43 [undefined] info: POST /graphql 200 64812 - 24.308 ms

2022-07-22 18:12:50 [undefined] info: POST /graphql 200 64812 - 28.558 ms

2022-07-22 18:12:52 [undefined] info: POST /graphql 200 64812 - 37.221 ms

2022-07-22 18:20:30 [undefined] info: POST /graphql 200 64812 - 16.412 ms

2022-07-22 18:20:32 [undefined] info: POST /graphql 200 64812 - 33.922 ms

2022-07-22 18:20:34 [undefined] info: POST /graphql 200 64812 - 35.729 ms

2022-07-22 18:20:39 [undefined] info: POST /graphql 200 64812 - 36.116 ms

2022-07-22 18:20:41 [undefined] info: POST /graphql 200 64812 - 33.233 ms

2022-07-22 18:20:43 [undefined] info: POST /graphql 200 64812 - 34.524 ms

2022-07-22 18:20:45 [undefined] info: POST /graphql 200 64812 - 36.409 ms

2022-07-22 18:20:48 [undefined] info: POST /graphql 200 64812 - 27.967 ms

2022-07-22 18:20:50 [undefined] info: POST /graphql 200 64812 - 26.739 ms

2022-07-22 18:20:52 [undefined] info: POST /graphql 200 64812 - 31.045 ms

2022-07-22 18:20:54 [undefined] info: POST /graphql 200 64812 - 25.692 ms

2022-07-22 18:20:56 [undefined] info: POST /graphql 200 64812 - 25.429 ms

2022-07-22 18:20:58 [undefined] info: POST /graphql 200 64812 - 29.718 ms

2022-07-22 18:21:00 [undefined] info: POST /graphql 200 64812 - 29.364 ms

2022-07-22 18:21:02 [undefined] info: POST /graphql 200 64812 - 23.088 ms

2022-07-22 18:21:04 [undefined] info: POST /graphql 200 64812 - 29.477 ms

2022-07-22 18:21:06 [undefined] info: POST /graphql 200 64812 - 41.499 ms

2022-07-22 18:21:08 [undefined] info: POST /graphql 200 64812 - 23.129 ms

2022-07-22 18:21:10 [undefined] info: POST /graphql 200 64812 - 29.274 ms

2022-07-22 18:21:12 [undefined] info: POST /graphql 200 64812 - 27.335 ms

2022-07-22 18:21:14 [undefined] info: POST /graphql 200 64812 - 23.329 ms

2022-07-22 18:21:16 [undefined] info: POST /graphql 200 64812 - 24.356 ms

2022-07-22 18:21:18 [undefined] info: POST /graphql 200 64812 - 24.685 ms

2022-07-22 18:21:20 [undefined] info: POST /graphql 200 64812 - 22.457 ms

2022-07-22 18:21:23 [undefined] info: POST /graphql 200 64812 - 29.378 ms

2022-07-22 18:21:25 [undefined] info: POST /graphql 200 64812 - 24.446 ms

2022-07-22 18:21:27 [undefined] info: POST /graphql 200 64812 - 22.904 ms

2022-07-22 18:21:29 [undefined] info: POST /graphql 200 64812 - 24.281 ms

2022-07-22 18:21:31 [undefined] info: POST /graphql 200 64812 - 23.326 ms

2022-07-22 18:21:33 [undefined] info: POST /graphql 200 64812 - 27.620 ms

2022-07-22 18:21:35 [undefined] info: POST /graphql 200 64812 - 24.077 ms

2022-07-22 18:21:37 [undefined] info: POST /graphql 200 64812 - 25.731 ms

2022-07-22 18:21:39 [undefined] info: POST /graphql 200 64812 - 32.691 ms

2022-07-22 18:21:41 [undefined] info: POST /graphql 200 64812 - 26.830 ms

2022-07-22 18:21:43 [undefined] info: POST /graphql 200 64812 - 26.009 ms

2022-07-22 18:21:45 [undefined] info: POST /graphql 200 64812 - 28.823 ms

2022-07-22 18:21:47 [undefined] info: POST /graphql 200 64812 - 29.956 ms

2022-07-22 18:21:49 [undefined] info: POST /graphql 200 64812 - 26.692 ms

2022-07-22 18:21:51 [undefined] info: POST /graphql 200 64812 - 26.898 ms

2022-07-22 18:21:53 [undefined] info: POST /graphql 200 64812 - 31.014 ms

2022-07-22 18:21:55 [undefined] info: POST /graphql 200 64812 - 23.781 ms

2022-07-22 18:21:58 [undefined] info: POST /graphql 200 64812 - 52.793 ms

2022-07-22 18:22:00 [undefined] info: POST /graphql 200 64812 - 29.118 ms

2022-07-22 18:22:02 [undefined] info: POST /graphql 200 64812 - 27.663 ms

2022-07-22 18:22:04 [undefined] info: POST /graphql 200 64812 - 33.249 ms

2022-07-22 18:22:06 [undefined] info: POST /graphql 200 64812 - 31.926 ms

2022-07-22 18:22:08 [undefined] info: POST /graphql 200 64812 - 30.941 ms

2022-07-22 18:22:10 [undefined] info: POST /graphql 200 64812 - 21.524 ms

2022-07-22 18:22:12 [undefined] info: POST /graphql 200 64812 - 27.133 ms

2022-07-22 18:22:14 [undefined] info: POST /graphql 200 64812 - 28.738 ms

2022-07-22 18:22:16 [undefined] info: POST /graphql 200 64812 - 20.799 ms

2022-07-22 18:22:18 [undefined] info: POST /graphql 200 64812 - 22.132 ms

2022-07-22 18:22:20 [undefined] info: POST /graphql 200 64812 - 23.154 ms

2022-07-22 18:22:22 [undefined] info: POST /graphql 200 64812 - 20.088 ms

2022-07-22 18:22:24 [undefined] info: POST /graphql 200 64812 - 26.570 ms

2022-07-22 18:22:26 [undefined] info: POST /graphql 200 64812 - 20.431 ms

2022-07-22 18:22:28 [undefined] info: POST /graphql 200 64812 - 22.748 ms

2022-07-22 18:22:30 [undefined] info: POST /graphql 200 64812 - 26.600 ms

2022-07-22 18:22:32 [undefined] info: POST /graphql 200 64812 - 20.934 ms

2022-07-22 18:22:34 [undefined] info: POST /graphql 200 64812 - 19.670 ms

2022-07-22 18:22:37 [undefined] info: POST /graphql 200 64812 - 40.154 ms

2022-07-22 18:22:39 [undefined] info: POST /graphql 200 64812 - 22.396 ms

2022-07-22 18:22:41 [undefined] info: POST /graphql 200 64812 - 37.886 ms

2022-07-22 18:22:43 [undefined] info: POST /graphql 200 64812 - 20.993 ms

2022-07-22 18:22:45 [undefined] info: POST /graphql 200 64812 - 20.726 ms

2022-07-22 18:22:47 [undefined] info: POST /graphql 200 64812 - 20.325 ms

2022-07-22 18:22:49 [undefined] info: POST /graphql 200 64812 - 25.106 ms

2022-07-22 18:22:51 [undefined] info: POST /graphql 200 64812 - 31.700 ms

2022-07-22 18:22:53 [undefined] info: POST /graphql 200 64812 - 30.002 ms

2022-07-22 18:22:55 [undefined] info: POST /graphql 200 64812 - 20.754 ms

2022-07-22 18:22:57 [undefined] info: POST /graphql 200 64812 - 19.761 ms

2022-07-22 18:22:59 [undefined] info: POST /graphql 200 64812 - 20.425 ms

2022-07-22 18:23:01 [undefined] info: POST /graphql 200 64812 - 20.392 ms

2022-07-22 18:23:03 [undefined] info: POST /graphql 200 64812 - 21.127 ms

2022-07-22 18:23:05 [undefined] info: POST /graphql 200 64812 - 19.891 ms

2022-07-22 18:23:07 [undefined] info: POST /graphql 200 64812 - 21.155 ms

2022-07-22 18:23:09 [undefined] info: POST /graphql 200 64812 - 21.059 ms

2022-07-22 18:23:11 [undefined] info: POST /graphql 200 64812 - 21.146 ms

2022-07-22 18:23:14 [undefined] info: POST /graphql 200 64812 - 21.937 ms

2022-07-22 18:23:16 [undefined] info: POST /graphql 200 64812 - 31.029 ms

2022-07-22 18:23:18 [undefined] info: POST /graphql 200 64812 - 20.184 ms

2022-07-22 18:23:20 [undefined] info: POST /graphql 200 64812 - 21.835 ms

2022-07-22 18:23:22 [undefined] info: POST /graphql 200 64812 - 20.798 ms

2022-07-22 18:23:24 [undefined] info: POST /graphql 200 64812 - 22.897 ms

2022-07-22 18:23:26 [undefined] info: POST /graphql 200 64812 - 54.194 ms

2022-07-22 18:23:28 [undefined] info: POST /graphql 200 64812 - 21.051 ms

2022-07-22 18:23:30 [undefined] info: POST /graphql 200 64812 - 19.862 ms

2022-07-22 18:23:32 [undefined] info: POST /graphql 200 64812 - 20.493 ms

2022-07-22 18:23:34 [undefined] info: POST /graphql 200 64812 - 21.378 ms

2022-07-22 18:23:36 [undefined] info: POST /graphql 200 64812 - 11.679 ms

2022-07-22 18:23:38 [undefined] info: POST /graphql 200 64812 - 22.358 ms

2022-07-22 18:23:40 [undefined] info: POST /graphql 200 64812 - 19.591 ms

2022-07-22 18:23:42 [undefined] info: POST /graphql 200 64812 - 20.119 ms

2022-07-22 18:23:44 [undefined] info: POST /graphql 200 64812 - 21.790 ms

2022-07-22 18:23:46 [undefined] info: POST /graphql 200 64812 - 20.545 ms

2022-07-22 18:23:48 [undefined] info: POST /graphql 200 64812 - 24.663 ms

2022-07-22 18:23:50 [undefined] info: POST /graphql 200 64812 - 35.681 ms

2022-07-22 18:23:52 [undefined] info: POST /graphql 200 64812 - 26.513 ms

2022-07-22 18:23:55 [undefined] info: POST /graphql 200 64812 - 25.014 ms

2022-07-22 18:27:27 [undefined] info: POST /graphql 200 64812 - 29.274 ms

2022-07-22 18:27:30 [undefined] info: POST /graphql 200 64812 - 30.434 ms

2022-07-22 18:27:32 [undefined] info: POST /graphql 200 64812 - 32.248 ms

2022-07-22 18:27:34 [undefined] info: POST /graphql 200 64812 - 38.121 ms

2022-07-22 18:27:36 [undefined] info: POST /graphql 200 64812 - 48.540 ms

2022-07-22 18:27:38 [undefined] info: POST /graphql 200 64812 - 29.670 ms

2022-07-22 18:27:40 [undefined] info: POST /graphql 200 64812 - 27.687 ms

2022-07-22 18:27:42 [undefined] info: POST /graphql 200 64812 - 45.746 ms

2022-07-22 18:27:44 [undefined] info: POST /graphql 200 64812 - 29.039 ms

2022-07-22 18:27:46 [undefined] info: POST /graphql 200 64812 - 24.725 ms

2022-07-22 18:27:48 [undefined] info: POST /graphql 200 64812 - 24.787 ms

2022-07-22 18:27:50 [undefined] info: POST /graphql 200 64812 - 29.900 ms

2022-07-22 18:27:52 [undefined] info: POST /graphql 200 64812 - 27.811 ms

2022-07-22 18:27:54 [undefined] info: POST /graphql 200 64812 - 25.454 ms

2022-07-22 18:27:56 [undefined] info: POST /graphql 200 64812 - 26.471 ms

2022-07-22 18:27:58 [undefined] info: POST /graphql 200 64812 - 24.319 ms

2022-07-22 18:28:00 [undefined] info: POST /graphql 200 64812 - 22.407 ms

2022-07-22 18:28:03 [undefined] info: POST /graphql 200 64812 - 23.083 ms

2022-07-22 18:28:05 [undefined] info: POST /graphql 200 64812 - 25.590 ms

2022-07-22 18:28:07 [undefined] info: POST /graphql 200 64812 - 22.554 ms

2022-07-22 18:28:09 [undefined] info: POST /graphql 200 64812 - 24.212 ms

2022-07-22 18:28:11 [undefined] info: POST /graphql 200 64812 - 25.593 ms

2022-07-22 18:28:13 [undefined] info: POST /graphql 200 64812 - 24.745 ms

2022-07-22 18:28:15 [undefined] info: POST /graphql 200 64812 - 21.541 ms

2022-07-22 18:28:17 [undefined] info: POST /graphql 200 64812 - 23.757 ms

2022-07-22 18:28:19 [undefined] info: POST /graphql 200 64812 - 33.858 ms

2022-07-22 18:28:21 [undefined] info: POST /graphql 200 64812 - 36.781 ms

2022-07-22 18:28:23 [undefined] info: POST /graphql 200 64812 - 5.373 ms

2022-07-22 18:28:25 [undefined] info: POST /graphql 200 64812 - 25.323 ms

2022-07-22 18:28:27 [undefined] info: POST /graphql 200 64812 - 23.680 ms

2022-07-22 18:28:29 [undefined] info: POST /graphql 200 64812 - 21.577 ms

2022-07-22 18:28:31 [undefined] info: POST /graphql 200 64812 - 24.121 ms

2022-07-22 18:28:33 [undefined] info: POST /graphql 200 64812 - 21.365 ms

2022-07-22 18:28:35 [undefined] info: POST /graphql 200 64812 - 21.970 ms

2022-07-22 18:28:37 [undefined] info: POST /graphql 200 64812 - 30.564 ms

2022-07-22 18:28:39 [undefined] info: POST /graphql 200 64812 - 5.375 ms

2022-07-22 18:28:42 [undefined] info: POST /graphql 200 64812 - 26.147 ms

2022-07-22 18:28:44 [undefined] info: POST /graphql 200 64812 - 33.812 ms

2022-07-22 18:28:46 [undefined] info: POST /graphql 200 64812 - 26.604 ms

2022-07-22 18:28:48 [undefined] info: POST /graphql 200 64812 - 24.400 ms

2022-07-22 18:28:50 [undefined] info: POST /graphql 200 64812 - 28.445 ms

2022-07-22 18:28:52 [undefined] info: POST /graphql 200 64812 - 46.722 ms

2022-07-22 18:28:54 [undefined] info: POST /graphql 200 64812 - 35.151 ms

2022-07-22 18:28:56 [undefined] info: POST /graphql 200 64812 - 29.028 ms

2022-07-22 18:28:58 [undefined] info: POST /graphql 200 64812 - 32.405 ms

2022-07-22 18:29:00 [undefined] info: POST /graphql 200 64812 - 25.022 ms

2022-07-22 18:29:02 [undefined] info: POST /graphql 200 64812 - 22.381 ms

2022-07-22 18:29:04 [undefined] info: POST /graphql 200 64812 - 24.408 ms

2022-07-22 18:29:06 [undefined] info: POST /graphql 200 64812 - 20.308 ms

2022-07-22 18:29:08 [undefined] info: POST /graphql 200 64812 - 20.750 ms

2022-07-22 18:29:10 [undefined] info: POST /graphql 200 64812 - 21.911 ms

2022-07-22 18:29:12 [undefined] info: POST /graphql 200 64812 - 20.620 ms

2022-07-22 18:29:14 [undefined] info: POST /graphql 200 64812 - 24.211 ms

2022-07-22 18:29:16 [undefined] info: POST /graphql 200 64812 - 11.555 ms

2022-07-22 18:29:18 [undefined] info: POST /graphql 200 64812 - 20.978 ms

2022-07-22 18:29:21 [undefined] info: POST /graphql 200 64812 - 21.522 ms

2022-07-22 18:29:23 [undefined] info: POST /graphql 200 64812 - 25.607 ms

2022-07-22 18:29:25 [undefined] info: POST /graphql 200 64812 - 30.045 ms

2022-07-22 18:29:27 [undefined] info: POST /graphql 200 64812 - 26.210 ms

2022-07-22 18:29:29 [undefined] info: POST /graphql 200 64812 - 38.894 ms

2022-07-22 18:29:31 [undefined] info: POST /graphql 200 64812 - 25.893 ms

2022-07-22 18:29:33 [undefined] info: POST /graphql 200 64812 - 33.747 ms

2022-07-22 18:29:35 [undefined] info: POST /graphql 200 64812 - 24.056 ms

2022-07-22 18:29:37 [undefined] info: POST /graphql 200 64812 - 20.446 ms

2022-07-22 18:29:39 [undefined] info: POST /graphql 200 64812 - 5.877 ms

2022-07-22 18:29:41 [undefined] info: POST /graphql 200 64812 - 25.674 ms

2022-07-22 18:29:43 [undefined] info: POST /graphql 200 64812 - 20.301 ms

2022-07-22 18:29:45 [undefined] info: POST /graphql 200 64812 - 20.506 ms

2022-07-22 18:29:47 [undefined] info: POST /graphql 200 64812 - 21.537 ms

2022-07-22 18:29:49 [undefined] info: POST /graphql 200 64812 - 23.728 ms

2022-07-22 18:29:51 [undefined] info: POST /graphql 200 64812 - 20.338 ms

2022-07-22 18:29:53 [undefined] info: POST /graphql 200 64812 - 22.808 ms

2022-07-22 18:29:56 [undefined] info: POST /graphql 200 64812 - 69.594 ms

2022-07-22 18:29:58 [undefined] info: POST /graphql 200 64812 - 31.747 ms

2022-07-22 18:30:00 [undefined] info: POST /graphql 200 64812 - 23.103 ms

2022-07-22 18:30:02 [undefined] info: POST /graphql 200 64812 - 21.031 ms

2022-07-22 18:30:04 [undefined] info: POST /graphql 200 64812 - 20.272 ms

2022-07-22 18:30:06 [undefined] info: POST /graphql 200 64812 - 20.791 ms

2022-07-22 18:30:08 [undefined] info: POST /graphql 200 64812 - 20.311 ms

2022-07-22 18:30:10 [undefined] info: POST /graphql 200 64812 - 34.416 ms

2022-07-22 18:30:12 [undefined] info: POST /graphql 200 64812 - 22.040 ms

2022-07-22 18:30:14 [undefined] info: POST /graphql 200 64812 - 28.240 ms

2022-07-22 18:30:16 [undefined] info: POST /graphql 200 64812 - 23.613 ms

2022-07-22 18:30:18 [undefined] info: POST /graphql 200 64812 - 20.531 ms

2022-07-22 18:30:20 [undefined] info: POST /graphql 200 64812 - 21.576 ms

2022-07-22 18:30:22 [undefined] info: POST /graphql 200 64812 - 35.549 ms

2022-07-22 18:30:24 [undefined] info: POST /graphql 200 64812 - 22.193 ms

2022-07-22 18:30:26 [undefined] info: POST /graphql 200 64812 - 21.898 ms

2022-07-22 18:30:28 [undefined] info: POST /graphql 200 64812 - 21.643 ms

2022-07-22 18:30:30 [undefined] info: POST /graphql 200 64812 - 20.272 ms

2022-07-22 18:30:32 [undefined] info: POST /graphql 200 64812 - 30.140 ms

2022-07-22 18:30:34 [undefined] info: POST /graphql 200 64812 - 21.374 ms

2022-07-22 18:30:37 [undefined] info: POST /graphql 200 64812 - 19.811 ms

2022-07-22 18:30:39 [undefined] info: POST /graphql 200 64812 - 26.713 ms

2022-07-22 18:30:41 [undefined] info: POST /graphql 200 64812 - 20.398 ms

2022-07-22 18:30:43 [undefined] info: POST /graphql 200 64812 - 21.635 ms

2022-07-22 18:30:45 [undefined] info: POST /graphql 200 64812 - 21.448 ms

2022-07-22 18:30:47 [undefined] info: POST /graphql 200 64812 - 21.327 ms

2022-07-22 18:30:49 [undefined] info: POST /graphql 200 64812 - 21.478 ms

2022-07-22 18:30:51 [undefined] info: POST /graphql 200 64812 - 21.811 ms

2022-07-22 18:30:53 [undefined] info: POST /graphql 200 64812 - 21.191 ms

2022-07-22 18:30:55 [undefined] info: POST /graphql 200 64812 - 25.880 ms

2022-07-22 18:30:57 [undefined] info: POST /graphql 200 64812 - 20.647 ms

2022-07-22 18:30:59 [undefined] info: POST /graphql 200 64812 - 20.761 ms

2022-07-22 18:31:01 [undefined] info: POST /graphql 200 64812 - 22.846 ms

2022-07-22 18:31:03 [undefined] info: POST /graphql 200 64812 - 21.531 ms

2022-07-22 18:31:05 [undefined] info: POST /graphql 200 64812 - 37.284 ms

2022-07-22 18:31:07 [undefined] info: POST /graphql 200 64812 - 19.966 ms

2022-07-22 18:31:09 [undefined] info: POST /graphql 200 64812 - 32.037 ms

2022-07-22 18:31:11 [undefined] info: POST /graphql 200 64812 - 37.844 ms

2022-07-22 18:31:14 [undefined] info: POST /graphql 200 64812 - 36.014 ms

2022-07-22 18:31:16 [undefined] info: POST /graphql 200 64812 - 21.903 ms

2022-07-22 18:31:18 [undefined] info: POST /graphql 200 64812 - 20.332 ms

2022-07-22 18:31:20 [undefined] info: POST /graphql 200 64812 - 23.094 ms

2022-07-22 18:31:22 [undefined] info: POST /graphql 200 64812 - 20.880 ms

2022-07-22 18:31:24 [undefined] info: POST /graphql 200 64812 - 31.405 ms

2022-07-22 18:31:26 [undefined] info: POST /graphql 200 64812 - 23.577 ms

2022-07-22 18:31:28 [undefined] info: POST /graphql 200 64812 - 24.603 ms

2022-07-22 18:31:30 [undefined] info: POST /graphql 200 64812 - 25.866 ms

2022-07-22 18:31:32 [undefined] info: POST /graphql 200 64812 - 23.512 ms

2022-07-22 18:31:34 [undefined] info: POST /graphql 200 64812 - 24.329 ms

2022-07-22 18:31:36 [undefined] info: POST /graphql 200 64812 - 24.118 ms

2022-07-22 18:31:38 [undefined] info: POST /graphql 200 64812 - 23.720 ms

2022-07-22 18:31:40 [undefined] info: POST /graphql 200 64812 - 22.897 ms

2022-07-22 18:31:42 [undefined] info: POST /graphql 200 64812 - 21.271 ms

2022-07-22 18:31:44 [undefined] info: POST /graphql 200 64812 - 16.901 ms

